

Microchip Technology PIC18 LITE Macro Assembler V1.41 build -162212810 
                                                                                               Wed Sep 13 15:15:17 2023

Microchip Technology Omniscient Code Generator v1.41 (Free mode) build 201701250102
     1                           	processor	18F4620
     2                           	fnconf	rparam,??,?,0
     3                           	opt	pw 120
     4                           	opt	lm
     5                           	psect	idataCOMRAM,global,class=CODE,delta=1,noexec
     6                           	psect	cinit,global,reloc=2,class=CODE,delta=1
     7                           	psect	bssCOMRAM,global,class=COMRAM,space=1,delta=1,noexec
     8                           	psect	dataCOMRAM,global,class=COMRAM,space=1,delta=1,noexec
     9                           	psect	cstackCOMRAM,global,class=COMRAM,space=1,delta=1,noexec
    10                           	psect	text0,global,reloc=2,class=CODE,delta=1
    11                           	psect	text1,global,reloc=2,class=CODE,delta=1
    12                           	psect	text2,global,reloc=2,class=CODE,delta=1
    13                           	psect	text3,global,reloc=2,class=CODE,delta=1
    14                           	psect	text4,global,reloc=2,class=CODE,delta=1
    15                           	psect	text5,global,reloc=2,class=CODE,delta=1
    16                           	psect	intsave_regs,global,class=BIGRAM,space=1,delta=1,noexec
    17                           	psect	rparam,global,class=COMRAM,space=1,delta=1,noexec
    18  0000                     
    19                           ; Version 1.41
    20                           ; Generated 25/01/2017 GMT
    21                           ; 
    22                           ; Copyright © 2017, Microchip Technology Inc. and its subsidiaries ("Microchip")
    23                           ; All rights reserved.
    24                           ; 
    25                           ; This software is developed by Microchip Technology Inc. and its subsidiaries ("Microch
      +                          ip").
    26                           ; 
    27                           ; Redistribution and use in source and binary forms, with or without modification, are
    28                           ; permitted provided that the following conditions are met:
    29                           ; 
    30                           ;     1. Redistributions of source code must retain the above copyright notice, this lis
      +                          t of
    31                           ;        conditions and the following disclaimer.
    32                           ; 
    33                           ;     2. Redistributions in binary form must reproduce the above copyright notice, this 
      +                          list
    34                           ;        of conditions and the following disclaimer in the documentation and/or other
    35                           ;        materials provided with the distribution.
    36                           ; 
    37                           ;     3. Microchip's name may not be used to endorse or promote products derived from th
      +                          is
    38                           ;        software without specific prior written permission.
    39                           ; 
    40                           ; THIS SOFTWARE IS PROVIDED BY MICROCHIP "AS IS" AND ANY EXPRESS OR IMPLIED WARRANTIES,
    41                           ; INCLUDING, BUT NOT LIMITED TO, THE IMPLIED WARRANTIES OF MERCHANTABILITY AND FITNESS F
      +                          OR
    42                           ; PURPOSE ARE DISCLAIMED.  IN NO EVENT SHALL MICROCHIP BE LIABLE FOR ANY DIRECT, INDIREC
      +                          T,
    43                           ; INCIDENTAL, SPECIAL, EXEMPLARY, OR CONSEQUENTIAL DAMAGES (INCLUDING BUT NOT LIMITED TO
    44                           ; PROCUREMENT OF SUBSTITUTE GOODS OR SERVICES; LOSS OF USE, DATA OR PROFITS; OR BUSINESS
    45                           ; INTERRUPTION) HOWSOEVER CAUSED AND ON ANY THEORY OF LIABILITY, WHETHER IN CONTRACT, ST
      +                          RICT
    46                           ; LIABILITY, OR TORT (INCLUDING NEGLIGENCE OR OTHERWISE) ARISING IN ANY WAY OUT OF THE U
      +                          SE OF
    47                           ; THIS SOFTWARE, EVEN IF ADVISED OF THE POSSIBILITY OF SUCH DAMAGE.
    48                           ; 
    49                           ; 
    50                           ; Code-generator required, PIC18F4620 Definitions
    51                           ; 
    52                           ; SFR Addresses
    53  0000                     
    54                           	psect	idataCOMRAM
    55  00FDB9                     __pidataCOMRAM:
    56                           	opt stack 0
    57                           
    58                           ;initializer for _lat_register
    59  00FDB9  89                 	db	137
    60  00FDBA  0F                 	db	15
    61  00FDBB  8A                 	db	138
    62  00FDBC  0F                 	db	15
    63  00FDBD  8B                 	db	139
    64  00FDBE  0F                 	db	15
    65  00FDBF  8C                 	db	140
    66  00FDC0  0F                 	db	15
    67  00FDC1  8D                 	db	141
    68  00FDC2  0F                 	db	15
    69                           
    70                           ;initializer for _port_register
    71  00FDC3  80                 	db	128
    72  00FDC4  0F                 	db	15
    73  00FDC5  81                 	db	129
    74  00FDC6  0F                 	db	15
    75  00FDC7  82                 	db	130
    76  00FDC8  0F                 	db	15
    77  00FDC9  83                 	db	131
    78  00FDCA  0F                 	db	15
    79  00FDCB  84                 	db	132
    80  00FDCC  0F                 	db	15
    81                           
    82                           ;initializer for _tris_register
    83  00FDCD  92                 	db	146
    84  00FDCE  0F                 	db	15
    85  00FDCF  93                 	db	147
    86  00FDD0  0F                 	db	15
    87  00FDD1  94                 	db	148
    88  00FDD2  0F                 	db	15
    89  00FDD3  95                 	db	149
    90  00FDD4  0F                 	db	15
    91  00FDD5  96                 	db	150
    92  00FDD6  0F                 	db	15
    93                           
    94                           ;initializer for _button
    95  00FDD7  43                 	db	67
    96                           
    97                           ;initializer for _led8
    98  00FDD8  3A                 	db	58
    99                           
   100                           ;initializer for _led7
   101  00FDD9  32                 	db	50
   102                           
   103                           ;initializer for _led6
   104  00FDDA  2A                 	db	42
   105                           
   106                           ;initializer for _led5
   107  00FDDB  22                 	db	34
   108                           
   109                           ;initializer for _led4
   110  00FDDC  1A                 	db	26
   111                           
   112                           ;initializer for _led3
   113  00FDDD  12                 	db	18
   114                           
   115                           ;initializer for _led2
   116  00FDDE  0A                 	db	10
   117                           
   118                           ;initializer for _led1
   119  00FDDF  02                 	db	2
   120  0000                     _LATE	set	3981
   121  0000                     _LATD	set	3980
   122  0000                     _LATC	set	3979
   123  0000                     _LATB	set	3978
   124  0000                     _LATA	set	3977
   125  0000                     _PORTE	set	3972
   126  0000                     _PORTD	set	3971
   127  0000                     _PORTC	set	3970
   128  0000                     _PORTB	set	3969
   129  0000                     _PORTA	set	3968
   130  0000                     _TRISE	set	3990
   131  0000                     _TRISD	set	3989
   132  0000                     _TRISC	set	3988
   133  0000                     _TRISB	set	3987
   134  0000                     _TRISA	set	3986
   135                           
   136                           ; #config settings
   137  0000                     
   138                           	psect	cinit
   139  00FDE0                     __pcinit:
   140                           	opt stack 0
   141  00FDE0                     start_initialization:
   142                           	opt stack 0
   143  00FDE0                     __initialization:
   144                           	opt stack 0
   145                           
   146                           ; Initialize objects allocated to COMRAM (39 bytes)
   147                           ; load TBLPTR registers with __pidataCOMRAM
   148  00FDE0  0EB9               	movlw	low __pidataCOMRAM
   149  00FDE2  6EF6               	movwf	tblptrl,c
   150  00FDE4  0EFD               	movlw	high __pidataCOMRAM
   151  00FDE6  6EF7               	movwf	tblptrh,c
   152  00FDE8  0E00               	movlw	low (__pidataCOMRAM shr (0+16))
   153  00FDEA  6EF8               	movwf	tblptru,c
   154  00FDEC  EE00  F001         	lfsr	0,__pdataCOMRAM
   155  00FDF0  EE10 F027          	lfsr	1,39
   156  00FDF4                     copy_data0:
   157  00FDF4  0009               	tblrd		*+
   158  00FDF6  CFF5 FFEE          	movff	tablat,postinc0
   159  00FDFA  50E5               	movf	postdec1,w,c
   160  00FDFC  50E1               	movf	fsr1l,w,c
   161  00FDFE  E1FA               	bnz	copy_data0
   162                           
   163                           ; Clear objects allocated to COMRAM (3 bytes)
   164  00FE00  6A39               	clrf	(__pbssCOMRAM+2)& (0+255),c
   165  00FE02  6A38               	clrf	(__pbssCOMRAM+1)& (0+255),c
   166  00FE04  6A37               	clrf	__pbssCOMRAM& (0+255),c
   167  00FE06                     end_of_initialization:
   168                           	opt stack 0
   169  00FE06                     __end_of__initialization:
   170                           	opt stack 0
   171  00FE06  0E00               	movlw	low (__Lmediumconst shr (0+16))
   172  00FE08  6EF8               	movwf	tblptru,c
   173  00FE0A  0100               	movlb	0
   174  00FE0C  EFAE  F07F         	goto	_main	;jump to C main() function
   175                           tblptru	equ	0xFF8
   176                           tblptrh	equ	0xFF7
   177                           tblptrl	equ	0xFF6
   178                           tablat	equ	0xFF5
   179                           postinc0	equ	0xFEE
   180                           postdec1	equ	0xFE5
   181                           fsr1l	equ	0xFE1
   182                           
   183                           	psect	bssCOMRAM
   184  000037                     __pbssCOMRAM:
   185                           	opt stack 0
   186  000037                     _led1_direction_status:
   187                           	opt stack 0
   188  000037                     	ds	1
   189  000038                     _logic:
   190                           	opt stack 0
   191  000038                     	ds	1
   192  000039                     _ret:
   193                           	opt stack 0
   194  000039                     	ds	1
   195                           tblptru	equ	0xFF8
   196                           tblptrh	equ	0xFF7
   197                           tblptrl	equ	0xFF6
   198                           tablat	equ	0xFF5
   199                           postinc0	equ	0xFEE
   200                           postdec1	equ	0xFE5
   201                           fsr1l	equ	0xFE1
   202                           
   203                           	psect	dataCOMRAM
   204  000001                     __pdataCOMRAM:
   205                           	opt stack 0
   206  000001                     _lat_register:
   207                           	opt stack 0
   208  000001                     	ds	10
   209  00000B                     _port_register:
   210                           	opt stack 0
   211  00000B                     	ds	10
   212  000015                     _tris_register:
   213                           	opt stack 0
   214  000015                     	ds	10
   215  00001F                     _button:
   216                           	opt stack 0
   217  00001F                     	ds	1
   218  000020                     _led8:
   219                           	opt stack 0
   220  000020                     	ds	1
   221  000021                     _led7:
   222                           	opt stack 0
   223  000021                     	ds	1
   224  000022                     _led6:
   225                           	opt stack 0
   226  000022                     	ds	1
   227  000023                     _led5:
   228                           	opt stack 0
   229  000023                     	ds	1
   230  000024                     _led4:
   231                           	opt stack 0
   232  000024                     	ds	1
   233  000025                     _led3:
   234                           	opt stack 0
   235  000025                     	ds	1
   236  000026                     _led2:
   237                           	opt stack 0
   238  000026                     	ds	1
   239  000027                     _led1:
   240                           	opt stack 0
   241  000027                     	ds	1
   242                           tblptru	equ	0xFF8
   243                           tblptrh	equ	0xFF7
   244                           tblptrl	equ	0xFF6
   245                           tablat	equ	0xFF5
   246                           postinc0	equ	0xFEE
   247                           postdec1	equ	0xFE5
   248                           fsr1l	equ	0xFE1
   249                           
   250                           	psect	cstackCOMRAM
   251  000028                     __pcstackCOMRAM:
   252                           	opt stack 0
   253  000028                     ??_gpio_port_toggle_logic:
   254  000028                     gpio_port_direction_intialize@direction:
   255                           	opt stack 0
   256  000028                     gpio_port_write_logic@logic:
   257                           	opt stack 0
   258  000028                     gpio_port_get_direction_status@directionPortStatus:
   259                           	opt stack 0
   260  000028                     gpio_port_read_logic@logic:
   261                           	opt stack 0
   262                           
   263                           ; 2 bytes @ 0x0
   264  000028                     	ds	1
   265  000029                     ??_gpio_port_direction_intialize:
   266  000029                     ??_gpio_port_write_logic:
   267                           
   268                           ; 1 bytes @ 0x1
   269  000029                     	ds	1
   270  00002A                     ??_gpio_port_get_direction_status:
   271  00002A                     ??_gpio_port_read_logic:
   272  00002A                     gpio_port_toggle_logic@LocalReturn:
   273                           	opt stack 0
   274                           
   275                           ; 1 bytes @ 0x2
   276  00002A                     	ds	1
   277  00002B                     gpio_port_direction_intialize@LocalReturn:
   278                           	opt stack 0
   279  00002B                     gpio_port_write_logic@LocalReturn:
   280                           	opt stack 0
   281  00002B                     gpio_port_toggle_logic@port:
   282                           	opt stack 0
   283                           
   284                           ; 1 bytes @ 0x3
   285  00002B                     	ds	1
   286  00002C                     gpio_port_direction_intialize@port:
   287                           	opt stack 0
   288  00002C                     gpio_port_get_direction_status@LocalReturn:
   289                           	opt stack 0
   290  00002C                     gpio_port_write_logic@port:
   291                           	opt stack 0
   292  00002C                     gpio_port_read_logic@LocalReturn:
   293                           	opt stack 0
   294                           
   295                           ; 1 bytes @ 0x4
   296  00002C                     	ds	1
   297  00002D                     gpio_port_get_direction_status@port:
   298                           	opt stack 0
   299  00002D                     gpio_port_read_logic@port:
   300                           	opt stack 0
   301                           
   302                           ; 1 bytes @ 0x5
   303  00002D                     	ds	1
   304  00002E                     
   305                           ; 2 bytes @ 0x6
   306  00002E                     	ds	2
   307  000030                     
   308                           ; 3 bytes @ 0x8
   309  000030                     	ds	3
   310  000033                     ??_main:
   311                           
   312                           ; 1 bytes @ 0xB
   313  000033                     	ds	2
   314  000035                     main@direction:
   315                           	opt stack 0
   316                           
   317                           ; 1 bytes @ 0xD
   318  000035                     	ds	1
   319  000036                     main@logic:
   320                           	opt stack 0
   321                           
   322                           ; 1 bytes @ 0xE
   323  000036                     	ds	1
   324                           tblptru	equ	0xFF8
   325                           tblptrh	equ	0xFF7
   326                           tblptrl	equ	0xFF6
   327                           tablat	equ	0xFF5
   328                           postinc0	equ	0xFEE
   329                           postdec1	equ	0xFE5
   330                           fsr1l	equ	0xFE1
   331                           
   332 ;;
   333 ;;Main: autosize = 0, tempsize = 2, incstack = 0, save=0
   334 ;;
   335 ;; *************** function _main *****************
   336 ;; Defined at:
   337 ;;		line 66 in file "application.c"
   338 ;; Parameters:    Size  Location     Type
   339 ;;  argc            2    6[COMRAM] int 
   340 ;;  argv            3    8[COMRAM] PTR PTR unsigned char 
   341 ;; Auto vars:     Size  Location     Type
   342 ;;  logic           1   14[COMRAM] unsigned char 
   343 ;;  direction       1   13[COMRAM] unsigned char 
   344 ;; Return value:  Size  Location     Type
   345 ;;                  2    6[COMRAM] int 
   346 ;; Registers used:
   347 ;;		wreg, fsr1l, fsr1h, fsr2l, fsr2h, status,2, status,0, prodl, prodh, cstack
   348 ;; Tracked objects:
   349 ;;		On entry : 0/0
   350 ;;		On exit  : 0/0
   351 ;;		Unchanged: 0/0
   352 ;; Data sizes:     COMRAM   BANK0   BANK1   BANK2   BANK3   BANK4   BANK5   BANK6   BANK7   BANK8   BANK9  BANK10  BANK1
      +1  BANK12  BANK13  BANK14  BANK15
   353 ;;      Params:         5       0       0       0       0       0       0       0       0       0       0       0       
      +0       0       0       0       0
   354 ;;      Locals:         2       0       0       0       0       0       0       0       0       0       0       0       
      +0       0       0       0       0
   355 ;;      Temps:          2       0       0       0       0       0       0       0       0       0       0       0       
      +0       0       0       0       0
   356 ;;      Totals:         9       0       0       0       0       0       0       0       0       0       0       0       
      +0       0       0       0       0
   357 ;;Total ram usage:        9 bytes
   358 ;; Hardware stack levels required when called:    1
   359 ;; This function calls:
   360 ;;		_gpio_port_direction_intialize
   361 ;;		_gpio_port_get_direction_status
   362 ;;		_gpio_port_read_logic
   363 ;;		_gpio_port_toggle_logic
   364 ;;		_gpio_port_write_logic
   365 ;; This function is called by:
   366 ;;		Startup code after reset
   367 ;; This function uses a non-reentrant model
   368 ;;
   369                           
   370                           	psect	text0
   371  00FF5C                     __ptext0:
   372                           	opt stack 0
   373  00FF5C                     _main:
   374                           	opt stack 30
   375  00FF5C                     
   376                           ;application.c: 68: gpio_port_direction_intialize(PORTC_INDEX,0x00);
   377  00FF5C  0E00               	movlw	0
   378  00FF5E  6E28               	movwf	gpio_port_direction_intialize@direction,c
   379  00FF60  0E02               	movlw	2
   380  00FF62  EC08  F07F         	call	_gpio_port_direction_intialize
   381                           
   382                           ;application.c: 69: gpio_port_write_logic(PORTC_INDEX,0x55);
   383  00FF66  0E55               	movlw	85
   384  00FF68  6E28               	movwf	gpio_port_write_logic@logic,c
   385  00FF6A  0E02               	movlw	2
   386  00FF6C  EC44  F07F         	call	_gpio_port_write_logic
   387                           
   388                           ;application.c: 70: _delay((unsigned long)((3000)*(4000000UL/4000.0)));
   389  00FF70  0E10               	movlw	16
   390  00FF72  6E34               	movwf	(??_main+1)& (0+255),c
   391  00FF74  0E39               	movlw	57
   392  00FF76  6E33               	movwf	??_main& (0+255),c
   393  00FF78  0E0E               	movlw	14
   394  00FF7A                     u437:
   395  00FF7A  2EE8               	decfsz	wreg,f,c
   396  00FF7C  D7FE               	bra	u437
   397  00FF7E  2E33               	decfsz	??_main& (0+255),f,c
   398  00FF80  D7FC               	bra	u437
   399  00FF82  2E34               	decfsz	(??_main+1)& (0+255),f,c
   400  00FF84  D7FA               	bra	u437
   401                           
   402                           ;application.c: 71: uint8 direction;
   403                           ;application.c: 72: gpio_port_get_direction_status(PORTC_INDEX,&direction);
   404  00FF86  0E35               	movlw	low main@direction
   405  00FF88  6E28               	movwf	gpio_port_get_direction_status@directionPortStatus,c
   406  00FF8A  0E00               	movlw	high main@direction
   407  00FF8C  6E29               	movwf	gpio_port_get_direction_status@directionPortStatus+1,c
   408  00FF8E  0E02               	movlw	2
   409  00FF90  EC62  F07F         	call	_gpio_port_get_direction_status
   410                           
   411                           ;application.c: 73: gpio_port_write_logic(PORTC_INDEX,direction);
   412  00FF94  C035  F028         	movff	main@direction,gpio_port_write_logic@logic
   413  00FF98  0E02               	movlw	2
   414  00FF9A  EC44  F07F         	call	_gpio_port_write_logic
   415                           
   416                           ;application.c: 74: _delay((unsigned long)((3000)*(4000000UL/4000.0)));
   417  00FF9E  0E10               	movlw	16
   418  00FFA0  6E34               	movwf	(??_main+1)& (0+255),c
   419  00FFA2  0E39               	movlw	57
   420  00FFA4  6E33               	movwf	??_main& (0+255),c
   421  00FFA6  0E0E               	movlw	14
   422  00FFA8                     u447:
   423  00FFA8  2EE8               	decfsz	wreg,f,c
   424  00FFAA  D7FE               	bra	u447
   425  00FFAC  2E33               	decfsz	??_main& (0+255),f,c
   426  00FFAE  D7FC               	bra	u447
   427  00FFB0  2E34               	decfsz	(??_main+1)& (0+255),f,c
   428  00FFB2  D7FA               	bra	u447
   429                           
   430                           ;application.c: 75: gpio_port_toggle_logic(PORTC_INDEX);
   431  00FFB4  0E02               	movlw	2
   432  00FFB6  EC26  F07F         	call	_gpio_port_toggle_logic
   433                           
   434                           ;application.c: 76: _delay((unsigned long)((3000)*(4000000UL/4000.0)));
   435  00FFBA  0E10               	movlw	16
   436  00FFBC  6E34               	movwf	(??_main+1)& (0+255),c
   437  00FFBE  0E39               	movlw	57
   438  00FFC0  6E33               	movwf	??_main& (0+255),c
   439  00FFC2  0E0E               	movlw	14
   440  00FFC4                     u457:
   441  00FFC4  2EE8               	decfsz	wreg,f,c
   442  00FFC6  D7FE               	bra	u457
   443  00FFC8  2E33               	decfsz	??_main& (0+255),f,c
   444  00FFCA  D7FC               	bra	u457
   445  00FFCC  2E34               	decfsz	(??_main+1)& (0+255),f,c
   446  00FFCE  D7FA               	bra	u457
   447                           
   448                           ;application.c: 77: uint8 logic;
   449                           ;application.c: 78: gpio_port_read_logic(PORTC_INDEX,&logic);
   450  00FFD0  0E36               	movlw	low main@logic
   451  00FFD2  6E28               	movwf	gpio_port_read_logic@logic,c
   452  00FFD4  0E00               	movlw	high main@logic
   453  00FFD6  6E29               	movwf	gpio_port_read_logic@logic+1,c
   454  00FFD8  0E02               	movlw	2
   455  00FFDA  EC88  F07F         	call	_gpio_port_read_logic
   456                           
   457                           ;application.c: 79: gpio_port_write_logic(PORTC_INDEX,logic);
   458  00FFDE  C036  F028         	movff	main@logic,gpio_port_write_logic@logic
   459  00FFE2  0E02               	movlw	2
   460  00FFE4  EC44  F07F         	call	_gpio_port_write_logic
   461                           
   462                           ;application.c: 80: _delay((unsigned long)((3000)*(4000000UL/4000.0)));
   463  00FFE8  0E10               	movlw	16
   464  00FFEA  6E34               	movwf	(??_main+1)& (0+255),c
   465  00FFEC  0E39               	movlw	57
   466  00FFEE  6E33               	movwf	??_main& (0+255),c
   467  00FFF0  0E0E               	movlw	14
   468  00FFF2                     u467:
   469  00FFF2  2EE8               	decfsz	wreg,f,c
   470  00FFF4  D7FE               	bra	u467
   471  00FFF6  2E33               	decfsz	??_main& (0+255),f,c
   472  00FFF8  D7FC               	bra	u467
   473  00FFFA  2E34               	decfsz	(??_main+1)& (0+255),f,c
   474  00FFFC  D7FA               	bra	u467
   475  00FFFE  D7AE               	goto	l1028
   476  010000                     __end_of_main:
   477                           	opt stack 0
   478                           tblptru	equ	0xFF8
   479                           tblptrh	equ	0xFF7
   480                           tblptrl	equ	0xFF6
   481                           tablat	equ	0xFF5
   482                           postinc0	equ	0xFEE
   483                           wreg	equ	0xFE8
   484                           postdec1	equ	0xFE5
   485                           fsr1l	equ	0xFE1
   486                           
   487 ;; *************** function _gpio_port_write_logic *****************
   488 ;; Defined at:
   489 ;;		line 183 in file "MCAL_Layer/GPIO/hal_gpio.c"
   490 ;; Parameters:    Size  Location     Type
   491 ;;  port            1    wreg     enum E3096
   492 ;;  logic           1    0[COMRAM] unsigned char 
   493 ;; Auto vars:     Size  Location     Type
   494 ;;  port            1    4[COMRAM] enum E3096
   495 ;;  LocalReturn     1    3[COMRAM] unsigned char 
   496 ;; Return value:  Size  Location     Type
   497 ;;                  1    wreg      unsigned char 
   498 ;; Registers used:
   499 ;;		wreg, fsr2l, fsr2h, status,2, status,0, prodl, prodh
   500 ;; Tracked objects:
   501 ;;		On entry : 0/0
   502 ;;		On exit  : 0/0
   503 ;;		Unchanged: 0/0
   504 ;; Data sizes:     COMRAM   BANK0   BANK1   BANK2   BANK3   BANK4   BANK5   BANK6   BANK7   BANK8   BANK9  BANK10  BANK1
      +1  BANK12  BANK13  BANK14  BANK15
   505 ;;      Params:         1       0       0       0       0       0       0       0       0       0       0       0       
      +0       0       0       0       0
   506 ;;      Locals:         2       0       0       0       0       0       0       0       0       0       0       0       
      +0       0       0       0       0
   507 ;;      Temps:          2       0       0       0       0       0       0       0       0       0       0       0       
      +0       0       0       0       0
   508 ;;      Totals:         5       0       0       0       0       0       0       0       0       0       0       0       
      +0       0       0       0       0
   509 ;;Total ram usage:        5 bytes
   510 ;; Hardware stack levels used:    1
   511 ;; This function calls:
   512 ;;		Nothing
   513 ;; This function is called by:
   514 ;;		_main
   515 ;; This function uses a non-reentrant model
   516 ;;
   517                           
   518                           	psect	text1
   519  00FE88                     __ptext1:
   520                           	opt stack 0
   521  00FE88                     _gpio_port_write_logic:
   522                           	opt stack 30
   523                           
   524                           ;incstack = 0
   525                           ;gpio_port_write_logic@port stored from wreg
   526  00FE88  6E2C               	movwf	gpio_port_write_logic@port,c
   527                           
   528                           ;hal_gpio.c: 184: Std_ReturnType LocalReturn=(Std_ReturnType)0x00;
   529  00FE8A  0E00               	movlw	0
   530  00FE8C  6E2B               	movwf	gpio_port_write_logic@LocalReturn,c
   531                           
   532                           ;hal_gpio.c: 185: if(port>5){
   533  00FE8E  0E05               	movlw	5
   534  00FE90  642C               	cpfsgt	gpio_port_write_logic@port,c
   535  00FE92  D003               	goto	l1008
   536                           
   537                           ;hal_gpio.c: 186: LocalReturn=(Std_ReturnType)0x00;
   538  00FE94  0E00               	movlw	0
   539  00FE96  6E2B               	movwf	gpio_port_write_logic@LocalReturn,c
   540                           
   541                           ;hal_gpio.c: 187: }else{
   542  00FE98  0012               	return	
   543  00FE9A                     l1008:
   544                           
   545                           ;hal_gpio.c: 188: *lat_register[port]=logic;
   546  00FE9A  502C               	movf	gpio_port_write_logic@port,w,c
   547  00FE9C  0D02               	mullw	2
   548  00FE9E  0E01               	movlw	low _lat_register
   549  00FEA0  24F3               	addwf	prodl,w,c
   550  00FEA2  6ED9               	movwf	fsr2l,c
   551  00FEA4  0E00               	movlw	high _lat_register
   552  00FEA6  20F4               	addwfc	prodh,w,c
   553  00FEA8  6EDA               	movwf	fsr2h,c
   554  00FEAA  CFDE F029          	movff	postinc2,??_gpio_port_write_logic
   555  00FEAE  CFDD F02A          	movff	postdec2,??_gpio_port_write_logic+1
   556  00FEB2  C029  FFD9         	movff	??_gpio_port_write_logic,fsr2l
   557  00FEB6  C02A  FFDA         	movff	??_gpio_port_write_logic+1,fsr2h
   558  00FEBA  C028  FFDF         	movff	gpio_port_write_logic@logic,indf2
   559                           
   560                           ;hal_gpio.c: 189: LocalReturn=(Std_ReturnType)0x01;
   561  00FEBE  0E01               	movlw	1
   562  00FEC0  6E2B               	movwf	gpio_port_write_logic@LocalReturn,c
   563  00FEC2  0012               	return	
   564  00FEC4                     __end_of_gpio_port_write_logic:
   565                           	opt stack 0
   566                           tblptru	equ	0xFF8
   567                           tblptrh	equ	0xFF7
   568                           tblptrl	equ	0xFF6
   569                           tablat	equ	0xFF5
   570                           prodh	equ	0xFF4
   571                           prodl	equ	0xFF3
   572                           postinc0	equ	0xFEE
   573                           wreg	equ	0xFE8
   574                           postdec1	equ	0xFE5
   575                           fsr1l	equ	0xFE1
   576                           indf2	equ	0xFDF
   577                           postinc2	equ	0xFDE
   578                           postdec2	equ	0xFDD
   579                           fsr2h	equ	0xFDA
   580                           fsr2l	equ	0xFD9
   581                           
   582 ;; *************** function _gpio_port_toggle_logic *****************
   583 ;; Defined at:
   584 ;;		line 218 in file "MCAL_Layer/GPIO/hal_gpio.c"
   585 ;; Parameters:    Size  Location     Type
   586 ;;  port            1    wreg     enum E3096
   587 ;; Auto vars:     Size  Location     Type
   588 ;;  port            1    3[COMRAM] enum E3096
   589 ;;  LocalReturn     1    2[COMRAM] unsigned char 
   590 ;; Return value:  Size  Location     Type
   591 ;;                  1    wreg      unsigned char 
   592 ;; Registers used:
   593 ;;		wreg, fsr2l, fsr2h, status,2, status,0, prodl, prodh
   594 ;; Tracked objects:
   595 ;;		On entry : 0/0
   596 ;;		On exit  : 0/0
   597 ;;		Unchanged: 0/0
   598 ;; Data sizes:     COMRAM   BANK0   BANK1   BANK2   BANK3   BANK4   BANK5   BANK6   BANK7   BANK8   BANK9  BANK10  BANK1
      +1  BANK12  BANK13  BANK14  BANK15
   599 ;;      Params:         0       0       0       0       0       0       0       0       0       0       0       0       
      +0       0       0       0       0
   600 ;;      Locals:         2       0       0       0       0       0       0       0       0       0       0       0       
      +0       0       0       0       0
   601 ;;      Temps:          2       0       0       0       0       0       0       0       0       0       0       0       
      +0       0       0       0       0
   602 ;;      Totals:         4       0       0       0       0       0       0       0       0       0       0       0       
      +0       0       0       0       0
   603 ;;Total ram usage:        4 bytes
   604 ;; Hardware stack levels used:    1
   605 ;; This function calls:
   606 ;;		Nothing
   607 ;; This function is called by:
   608 ;;		_main
   609 ;; This function uses a non-reentrant model
   610 ;;
   611                           
   612                           	psect	text2
   613  00FE4C                     __ptext2:
   614                           	opt stack 0
   615  00FE4C                     _gpio_port_toggle_logic:
   616                           	opt stack 30
   617                           
   618                           ;incstack = 0
   619                           ;gpio_port_toggle_logic@port stored from wreg
   620  00FE4C  6E2B               	movwf	gpio_port_toggle_logic@port,c
   621                           
   622                           ;hal_gpio.c: 219: Std_ReturnType LocalReturn=(Std_ReturnType)0x00;
   623  00FE4E  0E00               	movlw	0
   624  00FE50  6E2A               	movwf	gpio_port_toggle_logic@LocalReturn,c
   625                           
   626                           ;hal_gpio.c: 220: if(port>5){
   627  00FE52  0E05               	movlw	5
   628  00FE54  642B               	cpfsgt	gpio_port_toggle_logic@port,c
   629  00FE56  D003               	goto	l898
   630                           
   631                           ;hal_gpio.c: 221: LocalReturn=(Std_ReturnType)0x00;
   632  00FE58  0E00               	movlw	0
   633  00FE5A  6E2A               	movwf	gpio_port_toggle_logic@LocalReturn,c
   634                           
   635                           ;hal_gpio.c: 222: }else{
   636  00FE5C  0012               	return	
   637  00FE5E                     l898:
   638                           
   639                           ;hal_gpio.c: 223: *lat_register[port]^=(uint8)0xFF;
   640  00FE5E  502B               	movf	gpio_port_toggle_logic@port,w,c
   641  00FE60  0D02               	mullw	2
   642  00FE62  0E01               	movlw	low _lat_register
   643  00FE64  24F3               	addwf	prodl,w,c
   644  00FE66  6ED9               	movwf	fsr2l,c
   645  00FE68  0E00               	movlw	high _lat_register
   646  00FE6A  20F4               	addwfc	prodh,w,c
   647  00FE6C  6EDA               	movwf	fsr2h,c
   648  00FE6E  CFDE F028          	movff	postinc2,??_gpio_port_toggle_logic
   649  00FE72  CFDD F029          	movff	postdec2,??_gpio_port_toggle_logic+1
   650  00FE76  C028  FFD9         	movff	??_gpio_port_toggle_logic,fsr2l
   651  00FE7A  C029  FFDA         	movff	??_gpio_port_toggle_logic+1,fsr2h
   652  00FE7E  0EFF               	movlw	255
   653  00FE80  1ADF               	xorwf	indf2,f,c
   654                           
   655                           ;hal_gpio.c: 224: LocalReturn=(Std_ReturnType)0x01;
   656  00FE82  0E01               	movlw	1
   657  00FE84  6E2A               	movwf	gpio_port_toggle_logic@LocalReturn,c
   658  00FE86  0012               	return	
   659  00FE88                     __end_of_gpio_port_toggle_logic:
   660                           	opt stack 0
   661                           tblptru	equ	0xFF8
   662                           tblptrh	equ	0xFF7
   663                           tblptrl	equ	0xFF6
   664                           tablat	equ	0xFF5
   665                           prodh	equ	0xFF4
   666                           prodl	equ	0xFF3
   667                           postinc0	equ	0xFEE
   668                           wreg	equ	0xFE8
   669                           postdec1	equ	0xFE5
   670                           fsr1l	equ	0xFE1
   671                           indf2	equ	0xFDF
   672                           postinc2	equ	0xFDE
   673                           postdec2	equ	0xFDD
   674                           fsr2h	equ	0xFDA
   675                           fsr2l	equ	0xFD9
   676                           
   677 ;; *************** function _gpio_port_read_logic *****************
   678 ;; Defined at:
   679 ;;		line 201 in file "MCAL_Layer/GPIO/hal_gpio.c"
   680 ;; Parameters:    Size  Location     Type
   681 ;;  port            1    wreg     enum E3096
   682 ;;  logic           2    0[COMRAM] PTR unsigned char 
   683 ;;		 -> main@logic(1), 
   684 ;; Auto vars:     Size  Location     Type
   685 ;;  port            1    5[COMRAM] enum E3096
   686 ;;  LocalReturn     1    4[COMRAM] unsigned char 
   687 ;; Return value:  Size  Location     Type
   688 ;;                  1    wreg      unsigned char 
   689 ;; Registers used:
   690 ;;		wreg, fsr1l, fsr1h, fsr2l, fsr2h, status,2, status,0, prodl, prodh
   691 ;; Tracked objects:
   692 ;;		On entry : 0/0
   693 ;;		On exit  : 0/0
   694 ;;		Unchanged: 0/0
   695 ;; Data sizes:     COMRAM   BANK0   BANK1   BANK2   BANK3   BANK4   BANK5   BANK6   BANK7   BANK8   BANK9  BANK10  BANK1
      +1  BANK12  BANK13  BANK14  BANK15
   696 ;;      Params:         2       0       0       0       0       0       0       0       0       0       0       0       
      +0       0       0       0       0
   697 ;;      Locals:         2       0       0       0       0       0       0       0       0       0       0       0       
      +0       0       0       0       0
   698 ;;      Temps:          2       0       0       0       0       0       0       0       0       0       0       0       
      +0       0       0       0       0
   699 ;;      Totals:         6       0       0       0       0       0       0       0       0       0       0       0       
      +0       0       0       0       0
   700 ;;Total ram usage:        6 bytes
   701 ;; Hardware stack levels used:    1
   702 ;; This function calls:
   703 ;;		Nothing
   704 ;; This function is called by:
   705 ;;		_main
   706 ;; This function uses a non-reentrant model
   707 ;;
   708                           
   709                           	psect	text3
   710  00FF10                     __ptext3:
   711                           	opt stack 0
   712  00FF10                     _gpio_port_read_logic:
   713                           	opt stack 30
   714                           
   715                           ;incstack = 0
   716                           ;gpio_port_read_logic@port stored from wreg
   717  00FF10  6E2D               	movwf	gpio_port_read_logic@port,c
   718                           
   719                           ;hal_gpio.c: 202: Std_ReturnType LocalReturn=(Std_ReturnType)0x00;
   720  00FF12  0E00               	movlw	0
   721  00FF14  6E2C               	movwf	gpio_port_read_logic@LocalReturn,c
   722                           
   723                           ;hal_gpio.c: 203: if(port>5 || logic==(0)){
   724  00FF16  0E06               	movlw	6
   725  00FF18  602D               	cpfslt	gpio_port_read_logic@port,c
   726  00FF1A  D004               	goto	l1020
   727  00FF1C  5028               	movf	gpio_port_read_logic@logic,w,c
   728  00FF1E  1029               	iorwf	gpio_port_read_logic@logic+1,w,c
   729  00FF20  A4D8               	btfss	status,2,c
   730  00FF22  D003               	goto	l1022
   731  00FF24                     l1020:
   732                           
   733                           ;hal_gpio.c: 204: LocalReturn=(Std_ReturnType)0x00;
   734  00FF24  0E00               	movlw	0
   735  00FF26  6E2C               	movwf	gpio_port_read_logic@LocalReturn,c
   736                           
   737                           ;hal_gpio.c: 205: }else{
   738  00FF28  0012               	return	
   739  00FF2A                     l1022:
   740                           
   741                           ;hal_gpio.c: 206: *logic=*lat_register[port];
   742  00FF2A  502D               	movf	gpio_port_read_logic@port,w,c
   743  00FF2C  0D02               	mullw	2
   744  00FF2E  0E01               	movlw	low _lat_register
   745  00FF30  24F3               	addwf	prodl,w,c
   746  00FF32  6ED9               	movwf	fsr2l,c
   747  00FF34  0E00               	movlw	high _lat_register
   748  00FF36  20F4               	addwfc	prodh,w,c
   749  00FF38  6EDA               	movwf	fsr2h,c
   750  00FF3A  CFDE F02A          	movff	postinc2,??_gpio_port_read_logic
   751  00FF3E  CFDD F02B          	movff	postdec2,??_gpio_port_read_logic+1
   752  00FF42  C02A  FFD9         	movff	??_gpio_port_read_logic,fsr2l
   753  00FF46  C02B  FFDA         	movff	??_gpio_port_read_logic+1,fsr2h
   754  00FF4A  C028  FFE1         	movff	gpio_port_read_logic@logic,fsr1l
   755  00FF4E  C029  FFE2         	movff	gpio_port_read_logic@logic+1,fsr1h
   756  00FF52  CFDF FFE7          	movff	indf2,indf1
   757                           
   758                           ;hal_gpio.c: 207: LocalReturn=(Std_ReturnType)0x01;
   759  00FF56  0E01               	movlw	1
   760  00FF58  6E2C               	movwf	gpio_port_read_logic@LocalReturn,c
   761  00FF5A  0012               	return	
   762  00FF5C                     __end_of_gpio_port_read_logic:
   763                           	opt stack 0
   764                           tblptru	equ	0xFF8
   765                           tblptrh	equ	0xFF7
   766                           tblptrl	equ	0xFF6
   767                           tablat	equ	0xFF5
   768                           prodh	equ	0xFF4
   769                           prodl	equ	0xFF3
   770                           postinc0	equ	0xFEE
   771                           wreg	equ	0xFE8
   772                           indf1	equ	0xFE7
   773                           postdec1	equ	0xFE5
   774                           fsr1h	equ	0xFE2
   775                           fsr1l	equ	0xFE1
   776                           indf2	equ	0xFDF
   777                           postinc2	equ	0xFDE
   778                           postdec2	equ	0xFDD
   779                           fsr2h	equ	0xFDA
   780                           fsr2l	equ	0xFD9
   781                           status	equ	0xFD8
   782                           
   783 ;; *************** function _gpio_port_get_direction_status *****************
   784 ;; Defined at:
   785 ;;		line 165 in file "MCAL_Layer/GPIO/hal_gpio.c"
   786 ;; Parameters:    Size  Location     Type
   787 ;;  port            1    wreg     enum E3096
   788 ;;  directionPor    2    0[COMRAM] PTR unsigned char 
   789 ;;		 -> main@direction(1), 
   790 ;; Auto vars:     Size  Location     Type
   791 ;;  port            1    5[COMRAM] enum E3096
   792 ;;  LocalReturn     1    4[COMRAM] unsigned char 
   793 ;; Return value:  Size  Location     Type
   794 ;;                  1    wreg      unsigned char 
   795 ;; Registers used:
   796 ;;		wreg, fsr1l, fsr1h, fsr2l, fsr2h, status,2, status,0, prodl, prodh
   797 ;; Tracked objects:
   798 ;;		On entry : 0/0
   799 ;;		On exit  : 0/0
   800 ;;		Unchanged: 0/0
   801 ;; Data sizes:     COMRAM   BANK0   BANK1   BANK2   BANK3   BANK4   BANK5   BANK6   BANK7   BANK8   BANK9  BANK10  BANK1
      +1  BANK12  BANK13  BANK14  BANK15
   802 ;;      Params:         2       0       0       0       0       0       0       0       0       0       0       0       
      +0       0       0       0       0
   803 ;;      Locals:         2       0       0       0       0       0       0       0       0       0       0       0       
      +0       0       0       0       0
   804 ;;      Temps:          2       0       0       0       0       0       0       0       0       0       0       0       
      +0       0       0       0       0
   805 ;;      Totals:         6       0       0       0       0       0       0       0       0       0       0       0       
      +0       0       0       0       0
   806 ;;Total ram usage:        6 bytes
   807 ;; Hardware stack levels used:    1
   808 ;; This function calls:
   809 ;;		Nothing
   810 ;; This function is called by:
   811 ;;		_main
   812 ;; This function uses a non-reentrant model
   813 ;;
   814                           
   815                           	psect	text4
   816  00FEC4                     __ptext4:
   817                           	opt stack 0
   818  00FEC4                     _gpio_port_get_direction_status:
   819                           	opt stack 30
   820                           
   821                           ;incstack = 0
   822                           ;gpio_port_get_direction_status@port stored from wreg
   823  00FEC4  6E2D               	movwf	gpio_port_get_direction_status@port,c
   824                           
   825                           ;hal_gpio.c: 166: Std_ReturnType LocalReturn=(Std_ReturnType)0x00;
   826  00FEC6  0E00               	movlw	0
   827  00FEC8  6E2C               	movwf	gpio_port_get_direction_status@LocalReturn,c
   828                           
   829                           ;hal_gpio.c: 167: if(port>5 || directionPortStatus==(0)){
   830  00FECA  0E06               	movlw	6
   831  00FECC  602D               	cpfslt	gpio_port_get_direction_status@port,c
   832  00FECE  D004               	goto	l994
   833  00FED0  5028               	movf	gpio_port_get_direction_status@directionPortStatus,w,c
   834  00FED2  1029               	iorwf	gpio_port_get_direction_status@directionPortStatus+1,w,c
   835  00FED4  A4D8               	btfss	status,2,c
   836  00FED6  D003               	goto	l996
   837  00FED8                     l994:
   838                           
   839                           ;hal_gpio.c: 168: LocalReturn=(Std_ReturnType)0x00;
   840  00FED8  0E00               	movlw	0
   841  00FEDA  6E2C               	movwf	gpio_port_get_direction_status@LocalReturn,c
   842                           
   843                           ;hal_gpio.c: 169: }else{
   844  00FEDC  0012               	return	
   845  00FEDE                     l996:
   846                           
   847                           ;hal_gpio.c: 170: *directionPortStatus=*tris_register[port];
   848  00FEDE  502D               	movf	gpio_port_get_direction_status@port,w,c
   849  00FEE0  0D02               	mullw	2
   850  00FEE2  0E15               	movlw	low _tris_register
   851  00FEE4  24F3               	addwf	prodl,w,c
   852  00FEE6  6ED9               	movwf	fsr2l,c
   853  00FEE8  0E00               	movlw	high _tris_register
   854  00FEEA  20F4               	addwfc	prodh,w,c
   855  00FEEC  6EDA               	movwf	fsr2h,c
   856  00FEEE  CFDE F02A          	movff	postinc2,??_gpio_port_get_direction_status
   857  00FEF2  CFDD F02B          	movff	postdec2,??_gpio_port_get_direction_status+1
   858  00FEF6  C02A  FFD9         	movff	??_gpio_port_get_direction_status,fsr2l
   859  00FEFA  C02B  FFDA         	movff	??_gpio_port_get_direction_status+1,fsr2h
   860  00FEFE  C028  FFE1         	movff	gpio_port_get_direction_status@directionPortStatus,fsr1l
   861  00FF02  C029  FFE2         	movff	gpio_port_get_direction_status@directionPortStatus+1,fsr1h
   862  00FF06  CFDF FFE7          	movff	indf2,indf1
   863                           
   864                           ;hal_gpio.c: 171: LocalReturn=(Std_ReturnType)0x01;
   865  00FF0A  0E01               	movlw	1
   866  00FF0C  6E2C               	movwf	gpio_port_get_direction_status@LocalReturn,c
   867  00FF0E  0012               	return	
   868  00FF10                     __end_of_gpio_port_get_direction_status:
   869                           	opt stack 0
   870                           tblptru	equ	0xFF8
   871                           tblptrh	equ	0xFF7
   872                           tblptrl	equ	0xFF6
   873                           tablat	equ	0xFF5
   874                           prodh	equ	0xFF4
   875                           prodl	equ	0xFF3
   876                           postinc0	equ	0xFEE
   877                           wreg	equ	0xFE8
   878                           indf1	equ	0xFE7
   879                           postdec1	equ	0xFE5
   880                           fsr1h	equ	0xFE2
   881                           fsr1l	equ	0xFE1
   882                           indf2	equ	0xFDF
   883                           postinc2	equ	0xFDE
   884                           postdec2	equ	0xFDD
   885                           fsr2h	equ	0xFDA
   886                           fsr2l	equ	0xFD9
   887                           status	equ	0xFD8
   888                           
   889 ;; *************** function _gpio_port_direction_intialize *****************
   890 ;; Defined at:
   891 ;;		line 147 in file "MCAL_Layer/GPIO/hal_gpio.c"
   892 ;; Parameters:    Size  Location     Type
   893 ;;  port            1    wreg     enum E3096
   894 ;;  direction       1    0[COMRAM] unsigned char 
   895 ;; Auto vars:     Size  Location     Type
   896 ;;  port            1    4[COMRAM] enum E3096
   897 ;;  LocalReturn     1    3[COMRAM] unsigned char 
   898 ;; Return value:  Size  Location     Type
   899 ;;                  1    wreg      unsigned char 
   900 ;; Registers used:
   901 ;;		wreg, fsr2l, fsr2h, status,2, status,0, prodl, prodh
   902 ;; Tracked objects:
   903 ;;		On entry : 0/0
   904 ;;		On exit  : 0/0
   905 ;;		Unchanged: 0/0
   906 ;; Data sizes:     COMRAM   BANK0   BANK1   BANK2   BANK3   BANK4   BANK5   BANK6   BANK7   BANK8   BANK9  BANK10  BANK1
      +1  BANK12  BANK13  BANK14  BANK15
   907 ;;      Params:         1       0       0       0       0       0       0       0       0       0       0       0       
      +0       0       0       0       0
   908 ;;      Locals:         2       0       0       0       0       0       0       0       0       0       0       0       
      +0       0       0       0       0
   909 ;;      Temps:          2       0       0       0       0       0       0       0       0       0       0       0       
      +0       0       0       0       0
   910 ;;      Totals:         5       0       0       0       0       0       0       0       0       0       0       0       
      +0       0       0       0       0
   911 ;;Total ram usage:        5 bytes
   912 ;; Hardware stack levels used:    1
   913 ;; This function calls:
   914 ;;		Nothing
   915 ;; This function is called by:
   916 ;;		_main
   917 ;; This function uses a non-reentrant model
   918 ;;
   919                           
   920                           	psect	text5
   921  00FE10                     __ptext5:
   922                           	opt stack 0
   923  00FE10                     _gpio_port_direction_intialize:
   924                           	opt stack 30
   925                           
   926                           ;incstack = 0
   927                           ;gpio_port_direction_intialize@port stored from wreg
   928  00FE10  6E2C               	movwf	gpio_port_direction_intialize@port,c
   929                           
   930                           ;hal_gpio.c: 148: Std_ReturnType LocalReturn=(Std_ReturnType)0x00;
   931  00FE12  0E00               	movlw	0
   932  00FE14  6E2B               	movwf	gpio_port_direction_intialize@LocalReturn,c
   933                           
   934                           ;hal_gpio.c: 149: if(port>5){
   935  00FE16  0E05               	movlw	5
   936  00FE18  642C               	cpfsgt	gpio_port_direction_intialize@port,c
   937  00FE1A  D003               	goto	l982
   938                           
   939                           ;hal_gpio.c: 150: LocalReturn=(Std_ReturnType)0x00;
   940  00FE1C  0E00               	movlw	0
   941  00FE1E  6E2B               	movwf	gpio_port_direction_intialize@LocalReturn,c
   942                           
   943                           ;hal_gpio.c: 151: }else{
   944  00FE20  0012               	return	
   945  00FE22                     l982:
   946                           
   947                           ;hal_gpio.c: 152: *tris_register[port]=direction;
   948  00FE22  502C               	movf	gpio_port_direction_intialize@port,w,c
   949  00FE24  0D02               	mullw	2
   950  00FE26  0E15               	movlw	low _tris_register
   951  00FE28  24F3               	addwf	prodl,w,c
   952  00FE2A  6ED9               	movwf	fsr2l,c
   953  00FE2C  0E00               	movlw	high _tris_register
   954  00FE2E  20F4               	addwfc	prodh,w,c
   955  00FE30  6EDA               	movwf	fsr2h,c
   956  00FE32  CFDE F029          	movff	postinc2,??_gpio_port_direction_intialize
   957  00FE36  CFDD F02A          	movff	postdec2,??_gpio_port_direction_intialize+1
   958  00FE3A  C029  FFD9         	movff	??_gpio_port_direction_intialize,fsr2l
   959  00FE3E  C02A  FFDA         	movff	??_gpio_port_direction_intialize+1,fsr2h
   960  00FE42  C028  FFDF         	movff	gpio_port_direction_intialize@direction,indf2
   961                           
   962                           ;hal_gpio.c: 153: LocalReturn=(Std_ReturnType)0x01;
   963  00FE46  0E01               	movlw	1
   964  00FE48  6E2B               	movwf	gpio_port_direction_intialize@LocalReturn,c
   965  00FE4A  0012               	return	
   966  00FE4C                     __end_of_gpio_port_direction_intialize:
   967                           	opt stack 0
   968  0000                     tblptru	equ	0xFF8
   969                           tblptrh	equ	0xFF7
   970                           tblptrl	equ	0xFF6
   971                           tablat	equ	0xFF5
   972                           prodh	equ	0xFF4
   973                           prodl	equ	0xFF3
   974                           postinc0	equ	0xFEE
   975                           wreg	equ	0xFE8
   976                           indf1	equ	0xFE7
   977                           postdec1	equ	0xFE5
   978                           fsr1h	equ	0xFE2
   979                           fsr1l	equ	0xFE1
   980                           indf2	equ	0xFDF
   981                           postinc2	equ	0xFDE
   982                           postdec2	equ	0xFDD
   983                           fsr2h	equ	0xFDA
   984                           fsr2l	equ	0xFD9
   985                           status	equ	0xFD8
   986                           tblptru	equ	0xFF8
   987                           tblptrh	equ	0xFF7
   988                           tblptrl	equ	0xFF6
   989                           tablat	equ	0xFF5
   990                           prodh	equ	0xFF4
   991                           prodl	equ	0xFF3
   992                           postinc0	equ	0xFEE
   993                           wreg	equ	0xFE8
   994                           indf1	equ	0xFE7
   995                           postdec1	equ	0xFE5
   996                           fsr1h	equ	0xFE2
   997                           fsr1l	equ	0xFE1
   998                           indf2	equ	0xFDF
   999                           postinc2	equ	0xFDE
  1000                           postdec2	equ	0xFDD
  1001                           fsr2h	equ	0xFDA
  1002                           fsr2l	equ	0xFD9
  1003                           status	equ	0xFD8
  1004                           
  1005                           	psect	rparam
  1006  0000                     tblptru	equ	0xFF8
  1007                           tblptrh	equ	0xFF7
  1008                           tblptrl	equ	0xFF6
  1009                           tablat	equ	0xFF5
  1010                           prodh	equ	0xFF4
  1011                           prodl	equ	0xFF3
  1012                           postinc0	equ	0xFEE
  1013                           wreg	equ	0xFE8
  1014                           indf1	equ	0xFE7
  1015                           postdec1	equ	0xFE5
  1016                           fsr1h	equ	0xFE2
  1017                           fsr1l	equ	0xFE1
  1018                           indf2	equ	0xFDF
  1019                           postinc2	equ	0xFDE
  1020                           postdec2	equ	0xFDD
  1021                           fsr2h	equ	0xFDA
  1022                           fsr2l	equ	0xFD9
  1023                           status	equ	0xFD8


Data Sizes:
    Strings     0
    Constant    0
    Data        39
    BSS         3
    Persistent  0
    Stack       0

Auto Spaces:
    Space          Size  Autos    Used
    COMRAM          127     15      57
    BANK0           128      0       0
    BANK1           256      0       0
    BANK2           256      0       0
    BANK3           256      0       0
    BANK4           256      0       0
    BANK5           256      0       0
    BANK6           256      0       0
    BANK7           256      0       0
    BANK8           256      0       0
    BANK9           256      0       0
    BANK10          256      0       0
    BANK11          256      0       0
    BANK12          256      0       0
    BANK13          256      0       0
    BANK14          256      0       0
    BANK15          128      0       0

Pointer List with Targets:

    gpio_port_read_logic@logic	PTR unsigned char  size(2) Largest target is 1
		 -> main@logic(COMRAM[1]), 

    gpio_port_get_direction_status@directionPortStatus	PTR unsigned char  size(2) Largest target is 1
		 -> main@direction(COMRAM[1]), 

    lat_register	PTR volatile unsigned char [5] size(2) Largest target is 1
		 -> LATE(SFR[1]), LATD(SFR[1]), LATC(SFR[1]), LATB(SFR[1]), 
		 -> LATA(SFR[1]), 

    port_register	PTR volatile unsigned char [5] size(2) Largest target is 1
		 -> PORTE(SFR[1]), PORTD(SFR[1]), PORTC(SFR[1]), PORTB(SFR[1]), 
		 -> PORTA(SFR[1]), 

    tris_register	PTR volatile unsigned char [5] size(2) Largest target is 1
		 -> TRISE(SFR[1]), TRISD(SFR[1]), TRISC(SFR[1]), TRISB(SFR[1]), 
		 -> TRISA(SFR[1]), 


Critical Paths under _main in COMRAM

    _main->_gpio_port_get_direction_status
    _main->_gpio_port_read_logic

Critical Paths under _main in BANK0

    None.

Critical Paths under _main in BANK1

    None.

Critical Paths under _main in BANK2

    None.

Critical Paths under _main in BANK3

    None.

Critical Paths under _main in BANK4

    None.

Critical Paths under _main in BANK5

    None.

Critical Paths under _main in BANK6

    None.

Critical Paths under _main in BANK7

    None.

Critical Paths under _main in BANK8

    None.

Critical Paths under _main in BANK9

    None.

Critical Paths under _main in BANK10

    None.

Critical Paths under _main in BANK11

    None.

Critical Paths under _main in BANK12

    None.

Critical Paths under _main in BANK13

    None.

Critical Paths under _main in BANK14

    None.

Critical Paths under _main in BANK15

    None.

Call Graph Tables:

 ---------------------------------------------------------------------------------
 (Depth) Function   	        Calls       Base Space   Used Autos Params    Refs
 ---------------------------------------------------------------------------------
 (0) _main                                                 9     4      5     855
                                              6 COMRAM     9     4      5
      _gpio_port_direction_intialize
     _gpio_port_get_direction_status
               _gpio_port_read_logic
             _gpio_port_toggle_logic
              _gpio_port_write_logic
 ---------------------------------------------------------------------------------
 (1) _gpio_port_write_logic                                5     4      1     267
                                              0 COMRAM     5     4      1
 ---------------------------------------------------------------------------------
 (1) _gpio_port_toggle_logic                               4     4      0      35
                                              0 COMRAM     4     4      0
 ---------------------------------------------------------------------------------
 (1) _gpio_port_read_logic                                 6     4      2     161
                                              0 COMRAM     6     4      2
 ---------------------------------------------------------------------------------
 (1) _gpio_port_get_direction_status                       6     4      2     161
                                              0 COMRAM     6     4      2
 ---------------------------------------------------------------------------------
 (1) _gpio_port_direction_intialize                        5     4      1     139
                                              0 COMRAM     5     4      1
 ---------------------------------------------------------------------------------
 Estimated maximum stack depth 1
 ---------------------------------------------------------------------------------

 Call Graph Graphs:

 _main (ROOT)
   _gpio_port_direction_intialize
   _gpio_port_get_direction_status
   _gpio_port_read_logic
   _gpio_port_toggle_logic
   _gpio_port_write_logic

 Address spaces:
Name               Size   Autos  Total    Cost      Usage
BIGRAM             F7F      0       0      37        0.0%
EEDATA             400      0       0       0        0.0%
BITBANK14          100      0       0      32        0.0%
BANK14             100      0       0      33        0.0%
BITBANK13          100      0       0      30        0.0%
BANK13             100      0       0      31        0.0%
BITBANK12          100      0       0      28        0.0%
BANK12             100      0       0      29        0.0%
BITBANK11          100      0       0      26        0.0%
BANK11             100      0       0      27        0.0%
BITBANK10          100      0       0      24        0.0%
BANK10             100      0       0      25        0.0%
BITBANK9           100      0       0      22        0.0%
BANK9              100      0       0      23        0.0%
BITBANK8           100      0       0      20        0.0%
BANK8              100      0       0      21        0.0%
BITBANK7           100      0       0      18        0.0%
BANK7              100      0       0      19        0.0%
BITBANK6           100      0       0      16        0.0%
BANK6              100      0       0      17        0.0%
BITBANK5           100      0       0      14        0.0%
BANK5              100      0       0      15        0.0%
BITBANK4           100      0       0      12        0.0%
BANK4              100      0       0      13        0.0%
BITBANK3           100      0       0      10        0.0%
BANK3              100      0       0      11        0.0%
BITBANK2           100      0       0       8        0.0%
BANK2              100      0       0       9        0.0%
BITBANK1           100      0       0       6        0.0%
BANK1              100      0       0       7        0.0%
BITBANK15           80      0       0      35        0.0%
BANK15              80      0       0      36        0.0%
BITBANK0            80      0       0       4        0.0%
BANK0               80      0       0       5        0.0%
BITCOMRAM           7F      0       0       0        0.0%
COMRAM              7F      F      39       1       44.9%
BITSFR               0      0       0     200        0.0%
SFR                  0      0       0     200        0.0%
STACK                0      0       0       2        0.0%
NULL                 0      0       0       0        0.0%
ABS                  0      0      39      34        0.0%
DATA                 0      0      39       3        0.0%
CODE                 0      0       0       0        0.0%


Microchip Technology PIC18 Macro Assembler V1.41 build -162212810 
Symbol Table                                                                                   Wed Sep 13 15:15:17 2023

        gpio_port_get_direction_status@LocalReturn 002C                                        __CFG_BORV$1 000000  
                                     __CFG_CP0$OFF 000000                                       __CFG_CP1$OFF 000000  
                                     __CFG_CP2$OFF 000000                                       __CFG_CP3$OFF 000000  
                                      __CFG_OSC$HS 000000                                                l982 FE22  
                                              l994 FED8                                                l898 FE5E  
                                              l996 FEDE                                       __CFG_CPB$OFF 000000  
                                     __CFG_CPD$OFF 000000                                                u437 FF7A  
                                              u447 FFA8                                                u457 FFC4  
                                              u467 FFF2                                                _ret 0039  
                                              prod 000FF3                                                wreg 000FE8  
                                     __CFG_LVP$OFF 000000                                       __CFG_WDT$OFF 000000  
                                             l1020 FF24                                               l1022 FF2A  
                                             l1008 FE9A                                               l1028 FF5C  
                  gpio_port_read_logic@LocalReturn 002C                                               _LATA 000F89  
                                             _LATB 000F8A                                               _LATC 000F8B  
                                             _LATD 000F8C                                               _LATE 000F8D  
                                             _led1 0027                                               _led2 0026  
                                             _led3 0025                                               _led4 0024  
                                             _led5 0023                                               _led6 0022  
                                             _led7 0021                                               _led8 0020  
                                             _main FF5C                                               fsr1h 000FE2  
                                             fsr2h 000FDA                                               indf1 000FE7  
                                             indf2 000FDF                                               fsr1l 000FE1  
                                             fsr2l 000FD9                                               prodl 000FF3  
                                             start 0000                                      __CFG_IESO$OFF 000000  
                                    __CFG_MCLRE$ON 000000                                       ___param_bank 000000  
                            _gpio_port_write_logic FE88                                              ?_main 002E  
                                            _PORTA 000F80                                              _PORTB 000F81  
                                            _PORTC 000F82                                              _PORTD 000F83  
                                            _PORTE 000F84                                              _TRISA 000F92  
                                            _TRISB 000F93                                              _TRISC 000F94  
                                            _TRISD 000F95                                              _TRISE 000F96  
                                    __CFG_PWRT$OFF 000000                                      __CFG_WRT0$OFF 000000  
                                    __CFG_WRT1$OFF 000000                                      __CFG_WRT2$OFF 000000  
                                    __CFG_WRT3$OFF 000000                                     __CFG_EBTR0$OFF 000000  
                                   __CFG_FCMEN$OFF 000000                                     __CFG_EBTR1$OFF 000000  
                                   __CFG_EBTR2$OFF 000000                                     __CFG_EBTR3$OFF 000000  
                                    __CFG_WRTB$OFF 000000                                      __CFG_WRTC$OFF 000000  
                                    __CFG_WRTD$OFF 000000                           gpio_port_read_logic@port 002D  
                                   __CFG_EBTRB$OFF 000000                                              _logic 0038  
                                   __CFG_BOREN$OFF 000000                                              tablat 000FF5  
                                            status 000FD8             gpio_port_direction_intialize@direction 0028  
                                  __initialization FDE0                                       __end_of_main 0000  
                                           ??_main 0033                                      __activetblptr 000002  
                   ?_gpio_port_direction_intialize 0028                                      main@direction 0035  
                                    _tris_register 0015                          gpio_port_write_logic@port 002C  
                          ?_gpio_port_toggle_logic 0028                                     __CFG_XINST$OFF 000000  
                           ?_gpio_port_write_logic 0028                                     __CFG_STVREN$ON 000000  
                                           _button 001F                                       __pdataCOMRAM 0001  
                                           tblptrh 000FF7                                             tblptrl 000FF6  
                                           tblptru 000FF8                       __end_of_gpio_port_read_logic FF5C  
                                       __accesstop 0080                            __end_of__initialization FE06  
                                  __CFG_PBADEN$OFF 000000                     __end_of_gpio_port_toggle_logic FE88  
                                    ___rparam_used 000001                                     __pcstackCOMRAM 0028  
                       gpio_port_toggle_logic@port 002B                              _led1_direction_status 0037  
                                          __Hparam 0000                                            __Lparam 0000  
                             _gpio_port_read_logic FF10                                            __pcinit FDE0  
                                          __ramtop 1000                                            __ptext0 FF5C  
                                          __ptext1 FE88                                            __ptext2 FE4C  
                                          __ptext3 FF10                                            __ptext4 FEC4  
                                          __ptext5 FE10                               end_of_initialization FE06  
                 gpio_port_write_logic@LocalReturn 002B                                      __Lmediumconst 0000  
                  ??_gpio_port_direction_intialize 0029                            ??_gpio_port_write_logic 0029  
                            ?_gpio_port_read_logic 0028                                            postdec1 000FE5  
                                          postdec2 000FDD                                            postinc0 000FEE  
                                          postinc2 000FDE                   ??_gpio_port_get_direction_status 002A  
                  ?_gpio_port_get_direction_status 0028                  gpio_port_toggle_logic@LocalReturn 002A  
                                    __pidataCOMRAM FDB9                                start_initialization FDE0  
                                     _lat_register 0001                             ??_gpio_port_read_logic 002A  
            __end_of_gpio_port_direction_intialize FE4C             __size_of_gpio_port_direction_intialize 003C  
                    _gpio_port_direction_intialize FE10                                   __CFG_LPT1OSC$OFF 000000  
                gpio_port_direction_intialize@port 002C                                        __pbssCOMRAM 0037  
                                __CFG_CCP2MX$PORTC 000000                           ??_gpio_port_toggle_logic 0028  
                   __size_of_gpio_port_write_logic 003C                      __end_of_gpio_port_write_logic FEC4  
                                 __CFG_WDTPS$32768 000000  gpio_port_get_direction_status@directionPortStatus 0028  
                                        main@logic 0036                 gpio_port_get_direction_status@port 002D  
                                        copy_data0 FDF4             __end_of_gpio_port_get_direction_status FF10  
          __size_of_gpio_port_get_direction_status 004C                     _gpio_port_get_direction_status FEC4  
                        gpio_port_read_logic@logic 0028                                           __Hrparam 0000  
                                         __Lrparam 0000                    __size_of_gpio_port_toggle_logic 003C  
         gpio_port_direction_intialize@LocalReturn 002B                                      __size_of_main 00A4  
                                         main@argc 002E                                           main@argv 0030  
                           _gpio_port_toggle_logic FE4C                      __size_of_gpio_port_read_logic 004C  
                       gpio_port_write_logic@logic 0028                                      _port_register 000B  
