

Microchip Technology PIC18 LITE Macro Assembler V1.41 build -162212810 
                                                                                               Sun Sep 17 16:40:20 2023

Microchip Technology Omniscient Code Generator v1.41 (Free mode) build 201701250102
     1                           	processor	18F4620
     2                           	fnconf	rparam,??,?,0
     3                           	opt	pw 120
     4                           	opt	lm
     5                           	psect	idataCOMRAM,global,class=CODE,delta=1,noexec
     6                           	psect	cinit,global,reloc=2,class=CODE,delta=1
     7                           	psect	dataCOMRAM,global,class=COMRAM,space=1,delta=1,noexec
     8                           	psect	cstackCOMRAM,global,class=COMRAM,space=1,delta=1,noexec
     9                           	psect	text0,global,reloc=2,class=CODE,delta=1
    10                           	psect	text1,global,reloc=2,class=CODE,delta=1
    11                           	psect	text2,global,reloc=2,class=CODE,delta=1
    12                           	psect	text3,global,reloc=2,class=CODE,delta=1
    13                           	psect	text4,global,reloc=2,class=CODE,delta=1
    14                           	psect	text5,global,reloc=2,class=CODE,delta=1
    15                           	psect	text6,global,reloc=2,class=CODE,delta=1
    16                           	psect	text7,global,reloc=2,class=CODE,delta=1
    17                           	psect	intsave_regs,global,class=BIGRAM,space=1,delta=1,noexec
    18                           	psect	rparam,global,class=COMRAM,space=1,delta=1,noexec
    19  0000                     
    20                           ; Version 1.41
    21                           ; Generated 25/01/2017 GMT
    22                           ; 
    23                           ; Copyright © 2017, Microchip Technology Inc. and its subsidiaries ("Microchip")
    24                           ; All rights reserved.
    25                           ; 
    26                           ; This software is developed by Microchip Technology Inc. and its subsidiaries ("Microch
      +                          ip").
    27                           ; 
    28                           ; Redistribution and use in source and binary forms, with or without modification, are
    29                           ; permitted provided that the following conditions are met:
    30                           ; 
    31                           ;     1. Redistributions of source code must retain the above copyright notice, this lis
      +                          t of
    32                           ;        conditions and the following disclaimer.
    33                           ; 
    34                           ;     2. Redistributions in binary form must reproduce the above copyright notice, this 
      +                          list
    35                           ;        of conditions and the following disclaimer in the documentation and/or other
    36                           ;        materials provided with the distribution.
    37                           ; 
    38                           ;     3. Microchip's name may not be used to endorse or promote products derived from th
      +                          is
    39                           ;        software without specific prior written permission.
    40                           ; 
    41                           ; THIS SOFTWARE IS PROVIDED BY MICROCHIP "AS IS" AND ANY EXPRESS OR IMPLIED WARRANTIES,
    42                           ; INCLUDING, BUT NOT LIMITED TO, THE IMPLIED WARRANTIES OF MERCHANTABILITY AND FITNESS F
      +                          OR
    43                           ; PURPOSE ARE DISCLAIMED.  IN NO EVENT SHALL MICROCHIP BE LIABLE FOR ANY DIRECT, INDIREC
      +                          T,
    44                           ; INCIDENTAL, SPECIAL, EXEMPLARY, OR CONSEQUENTIAL DAMAGES (INCLUDING BUT NOT LIMITED TO
    45                           ; PROCUREMENT OF SUBSTITUTE GOODS OR SERVICES; LOSS OF USE, DATA OR PROFITS; OR BUSINESS
    46                           ; INTERRUPTION) HOWSOEVER CAUSED AND ON ANY THEORY OF LIABILITY, WHETHER IN CONTRACT, ST
      +                          RICT
    47                           ; LIABILITY, OR TORT (INCLUDING NEGLIGENCE OR OTHERWISE) ARISING IN ANY WAY OUT OF THE U
      +                          SE OF
    48                           ; THIS SOFTWARE, EVEN IF ADVISED OF THE POSSIBILITY OF SUCH DAMAGE.
    49                           ; 
    50                           ; 
    51                           ; Code-generator required, PIC18F4620 Definitions
    52                           ; 
    53                           ; SFR Addresses
    54  0000                     
    55                           	psect	idataCOMRAM
    56  00FCB1                     __pidataCOMRAM:
    57                           	opt stack 0
    58                           
    59                           ;initializer for _lat_register
    60  00FCB1  89                 	db	137
    61  00FCB2  0F                 	db	15
    62  00FCB3  8A                 	db	138
    63  00FCB4  0F                 	db	15
    64  00FCB5  8B                 	db	139
    65  00FCB6  0F                 	db	15
    66  00FCB7  8C                 	db	140
    67  00FCB8  0F                 	db	15
    68  00FCB9  8D                 	db	141
    69  00FCBA  0F                 	db	15
    70                           
    71                           ;initializer for _port_register
    72  00FCBB  80                 	db	128
    73  00FCBC  0F                 	db	15
    74  00FCBD  81                 	db	129
    75  00FCBE  0F                 	db	15
    76  00FCBF  82                 	db	130
    77  00FCC0  0F                 	db	15
    78  00FCC1  83                 	db	131
    79  00FCC2  0F                 	db	15
    80  00FCC3  84                 	db	132
    81  00FCC4  0F                 	db	15
    82                           
    83                           ;initializer for _tris_register
    84  00FCC5  92                 	db	146
    85  00FCC6  0F                 	db	15
    86  00FCC7  93                 	db	147
    87  00FCC8  0F                 	db	15
    88  00FCC9  94                 	db	148
    89  00FCCA  0F                 	db	15
    90  00FCCB  95                 	db	149
    91  00FCCC  0F                 	db	15
    92  00FCCD  96                 	db	150
    93  00FCCE  0F                 	db	15
    94                           
    95                           ;initializer for _relay1
    96  00FCCF  02                 	db	2
    97  00FCD0  00                 	db	0
    98  00FCD1  00                 	db	0
    99  00FCD2  00                 	db	0
   100  00FCD3  00                 	db	0
   101  0000                     _LATE	set	3981
   102  0000                     _LATD	set	3980
   103  0000                     _LATC	set	3979
   104  0000                     _LATB	set	3978
   105  0000                     _LATA	set	3977
   106  0000                     _PORTE	set	3972
   107  0000                     _PORTD	set	3971
   108  0000                     _PORTC	set	3970
   109  0000                     _PORTB	set	3969
   110  0000                     _PORTA	set	3968
   111  0000                     _TRISE	set	3990
   112  0000                     _TRISD	set	3989
   113  0000                     _TRISC	set	3988
   114  0000                     _TRISB	set	3987
   115  0000                     _TRISA	set	3986
   116                           
   117                           ; #config settings
   118  0000                     
   119                           	psect	cinit
   120  00FD48                     __pcinit:
   121                           	opt stack 0
   122  00FD48                     start_initialization:
   123                           	opt stack 0
   124  00FD48                     __initialization:
   125                           	opt stack 0
   126                           
   127                           ; Initialize objects allocated to COMRAM (35 bytes)
   128                           ; load TBLPTR registers with __pidataCOMRAM
   129  00FD48  0EB1               	movlw	low __pidataCOMRAM
   130  00FD4A  6EF6               	movwf	tblptrl,c
   131  00FD4C  0EFC               	movlw	high __pidataCOMRAM
   132  00FD4E  6EF7               	movwf	tblptrh,c
   133  00FD50  0E00               	movlw	low (__pidataCOMRAM shr (0+16))
   134  00FD52  6EF8               	movwf	tblptru,c
   135  00FD54  EE00  F001         	lfsr	0,__pdataCOMRAM
   136  00FD58  EE10 F023          	lfsr	1,35
   137  00FD5C                     copy_data0:
   138  00FD5C  0009               	tblrd		*+
   139  00FD5E  CFF5 FFEE          	movff	tablat,postinc0
   140  00FD62  50E5               	movf	postdec1,w,c
   141  00FD64  50E1               	movf	fsr1l,w,c
   142  00FD66  E1FA               	bnz	copy_data0
   143  00FD68                     end_of_initialization:
   144                           	opt stack 0
   145  00FD68                     __end_of__initialization:
   146                           	opt stack 0
   147  00FD68  0E00               	movlw	low (__Lmediumconst shr (0+16))
   148  00FD6A  6EF8               	movwf	tblptru,c
   149  00FD6C  0100               	movlb	0
   150  00FD6E  EFB9  F07E         	goto	_main	;jump to C main() function
   151                           tblptru	equ	0xFF8
   152                           tblptrh	equ	0xFF7
   153                           tblptrl	equ	0xFF6
   154                           tablat	equ	0xFF5
   155                           postinc0	equ	0xFEE
   156                           postdec1	equ	0xFE5
   157                           fsr1l	equ	0xFE1
   158                           
   159                           	psect	dataCOMRAM
   160  000001                     __pdataCOMRAM:
   161                           	opt stack 0
   162  000001                     _lat_register:
   163                           	opt stack 0
   164  000001                     	ds	10
   165  00000B                     _port_register:
   166                           	opt stack 0
   167  00000B                     	ds	10
   168  000015                     _tris_register:
   169                           	opt stack 0
   170  000015                     	ds	10
   171  00001F                     _relay1:
   172                           	opt stack 0
   173  00001F                     	ds	5
   174                           tblptru	equ	0xFF8
   175                           tblptrh	equ	0xFF7
   176                           tblptrl	equ	0xFF6
   177                           tablat	equ	0xFF5
   178                           postinc0	equ	0xFEE
   179                           postdec1	equ	0xFE5
   180                           fsr1l	equ	0xFE1
   181                           
   182                           	psect	cstackCOMRAM
   183  000024                     __pcstackCOMRAM:
   184                           	opt stack 0
   185  000024                     gpio_pin_direction_intialize@_pin_config:
   186                           	opt stack 0
   187  000024                     gpio_pin_write_logic@_pin_config:
   188                           	opt stack 0
   189                           
   190                           ; 2 bytes @ 0x0
   191  000024                     	ds	2
   192  000026                     ??_gpio_pin_direction_intialize:
   193  000026                     gpio_pin_write_logic@logic:
   194                           	opt stack 0
   195                           
   196                           ; 1 bytes @ 0x2
   197  000026                     	ds	1
   198  000027                     ??_gpio_pin_write_logic:
   199                           
   200                           ; 1 bytes @ 0x3
   201  000027                     	ds	5
   202  00002C                     gpio_pin_direction_intialize@LocalReturn:
   203                           	opt stack 0
   204                           
   205                           ; 1 bytes @ 0x8
   206  00002C                     	ds	1
   207  00002D                     gpio_pin_write_logic@LocalReturn:
   208                           	opt stack 0
   209                           
   210                           ; 1 bytes @ 0x9
   211  00002D                     	ds	1
   212  00002E                     gpio_pin_intialize@_pin_config:
   213                           	opt stack 0
   214  00002E                     relay_turn_on@relay_obj:
   215                           	opt stack 0
   216  00002E                     relay_turn_off@relay_obj:
   217                           	opt stack 0
   218                           
   219                           ; 2 bytes @ 0xA
   220  00002E                     	ds	2
   221  000030                     relay_turn_on@Local_Status:
   222                           	opt stack 0
   223  000030                     relay_turn_off@Local_Status:
   224                           	opt stack 0
   225                           
   226                           ; 1 bytes @ 0xC
   227  000030                     	ds	1
   228  000031                     gpio_pin_intialize@LocalReturn:
   229                           	opt stack 0
   230                           
   231                           ; 1 bytes @ 0xD
   232  000031                     	ds	1
   233  000032                     relay_initialize@relay_obj:
   234                           	opt stack 0
   235                           
   236                           ; 2 bytes @ 0xE
   237  000032                     	ds	2
   238  000034                     relay_initialize@Local_Status:
   239                           	opt stack 0
   240                           
   241                           ; 1 bytes @ 0x10
   242  000034                     	ds	1
   243  000035                     ??_main:
   244                           
   245                           ; 1 bytes @ 0x11
   246  000035                     	ds	2
   247                           tblptru	equ	0xFF8
   248                           tblptrh	equ	0xFF7
   249                           tblptrl	equ	0xFF6
   250                           tablat	equ	0xFF5
   251                           postinc0	equ	0xFEE
   252                           postdec1	equ	0xFE5
   253                           fsr1l	equ	0xFE1
   254                           
   255 ;;
   256 ;;Main: autosize = 0, tempsize = 2, incstack = 0, save=0
   257 ;;
   258 ;; *************** function _main *****************
   259 ;; Defined at:
   260 ;;		line 18 in file "application.c"
   261 ;; Parameters:    Size  Location     Type
   262 ;;		None
   263 ;; Auto vars:     Size  Location     Type
   264 ;;		None
   265 ;; Return value:  Size  Location     Type
   266 ;;                  2  286[None  ] int 
   267 ;; Registers used:
   268 ;;		wreg, fsr2l, fsr2h, status,2, status,0, prodl, prodh, cstack
   269 ;; Tracked objects:
   270 ;;		On entry : 0/0
   271 ;;		On exit  : 0/0
   272 ;;		Unchanged: 0/0
   273 ;; Data sizes:     COMRAM   BANK0   BANK1   BANK2   BANK3   BANK4   BANK5   BANK6   BANK7   BANK8   BANK9  BANK10  BANK1
      +1  BANK12  BANK13  BANK14  BANK15
   274 ;;      Params:         0       0       0       0       0       0       0       0       0       0       0       0       
      +0       0       0       0       0
   275 ;;      Locals:         0       0       0       0       0       0       0       0       0       0       0       0       
      +0       0       0       0       0
   276 ;;      Temps:          2       0       0       0       0       0       0       0       0       0       0       0       
      +0       0       0       0       0
   277 ;;      Totals:         2       0       0       0       0       0       0       0       0       0       0       0       
      +0       0       0       0       0
   278 ;;Total ram usage:        2 bytes
   279 ;; Hardware stack levels required when called:    4
   280 ;; This function calls:
   281 ;;		_functionInitialize
   282 ;;		_relay_turn_off
   283 ;;		_relay_turn_on
   284 ;; This function is called by:
   285 ;;		Startup code after reset
   286 ;; This function uses a non-reentrant model
   287 ;;
   288                           
   289                           	psect	text0
   290  00FD72                     __ptext0:
   291                           	opt stack 0
   292  00FD72                     _main:
   293                           	opt stack 27
   294                           
   295                           ;application.c: 19: functionInitialize();
   296                           
   297                           ;incstack = 0
   298  00FD72  EC51  F07E         	call	_functionInitialize	;wreg free
   299  00FD76                     l287:
   300                           
   301                           ;application.c: 21: relay_turn_on(&relay1);
   302  00FD76  0E1F               	movlw	low _relay1
   303  00FD78  6E2E               	movwf	relay_turn_on@relay_obj,c
   304  00FD7A  0E00               	movlw	high _relay1
   305  00FD7C  6E2F               	movwf	relay_turn_on@relay_obj+1,c
   306  00FD7E  EC90  F07E         	call	_relay_turn_on	;wreg free
   307                           
   308                           ;application.c: 22: _delay((unsigned long)((1000)*(4000000UL/4000.0)));
   309  00FD82  0E06               	movlw	6
   310  00FD84  6E36               	movwf	(??_main+1)& (0+255),c
   311  00FD86  0E13               	movlw	19
   312  00FD88  6E35               	movwf	??_main& (0+255),c
   313  00FD8A  0EAE               	movlw	174
   314  00FD8C                     u707:
   315  00FD8C  2EE8               	decfsz	wreg,f,c
   316  00FD8E  D7FE               	bra	u707
   317  00FD90  2E35               	decfsz	??_main& (0+255),f,c
   318  00FD92  D7FC               	bra	u707
   319  00FD94  2E36               	decfsz	(??_main+1)& (0+255),f,c
   320  00FD96  D7FA               	bra	u707
   321                           
   322                           ;application.c: 23: relay_turn_off(&relay1);
   323  00FD98  0E1F               	movlw	low _relay1
   324  00FD9A  6E2E               	movwf	relay_turn_off@relay_obj,c
   325  00FD9C  0E00               	movlw	high _relay1
   326  00FD9E  6E2F               	movwf	relay_turn_off@relay_obj+1,c
   327  00FDA0  EC7C  F07E         	call	_relay_turn_off	;wreg free
   328                           
   329                           ;application.c: 24: _delay((unsigned long)((1000)*(4000000UL/4000.0)));
   330  00FDA4  0E06               	movlw	6
   331  00FDA6  6E36               	movwf	(??_main+1)& (0+255),c
   332  00FDA8  0E13               	movlw	19
   333  00FDAA  6E35               	movwf	??_main& (0+255),c
   334  00FDAC  0EAE               	movlw	174
   335  00FDAE                     u717:
   336  00FDAE  2EE8               	decfsz	wreg,f,c
   337  00FDB0  D7FE               	bra	u717
   338  00FDB2  2E35               	decfsz	??_main& (0+255),f,c
   339  00FDB4  D7FC               	bra	u717
   340  00FDB6  2E36               	decfsz	(??_main+1)& (0+255),f,c
   341  00FDB8  D7FA               	bra	u717
   342  00FDBA  D7DD               	goto	l287
   343  00FDBC                     __end_of_main:
   344                           	opt stack 0
   345                           tblptru	equ	0xFF8
   346                           tblptrh	equ	0xFF7
   347                           tblptrl	equ	0xFF6
   348                           tablat	equ	0xFF5
   349                           postinc0	equ	0xFEE
   350                           wreg	equ	0xFE8
   351                           postdec1	equ	0xFE5
   352                           fsr1l	equ	0xFE1
   353                           
   354 ;; *************** function _relay_turn_on *****************
   355 ;; Defined at:
   356 ;;		line 32 in file "ECU_Layer/Relay/ecu_realy_prog.c"
   357 ;; Parameters:    Size  Location     Type
   358 ;;  relay_obj       2   10[COMRAM] PTR const struct .
   359 ;;		 -> relay1(5), 
   360 ;; Auto vars:     Size  Location     Type
   361 ;;  Local_Status    1   12[COMRAM] unsigned char 
   362 ;; Return value:  Size  Location     Type
   363 ;;                  1    wreg      unsigned char 
   364 ;; Registers used:
   365 ;;		wreg, fsr2l, fsr2h, status,2, status,0, prodl, prodh, cstack
   366 ;; Tracked objects:
   367 ;;		On entry : 0/0
   368 ;;		On exit  : 0/0
   369 ;;		Unchanged: 0/0
   370 ;; Data sizes:     COMRAM   BANK0   BANK1   BANK2   BANK3   BANK4   BANK5   BANK6   BANK7   BANK8   BANK9  BANK10  BANK1
      +1  BANK12  BANK13  BANK14  BANK15
   371 ;;      Params:         2       0       0       0       0       0       0       0       0       0       0       0       
      +0       0       0       0       0
   372 ;;      Locals:         1       0       0       0       0       0       0       0       0       0       0       0       
      +0       0       0       0       0
   373 ;;      Temps:          0       0       0       0       0       0       0       0       0       0       0       0       
      +0       0       0       0       0
   374 ;;      Totals:         3       0       0       0       0       0       0       0       0       0       0       0       
      +0       0       0       0       0
   375 ;;Total ram usage:        3 bytes
   376 ;; Hardware stack levels used:    1
   377 ;; Hardware stack levels required when called:    1
   378 ;; This function calls:
   379 ;;		_gpio_pin_write_logic
   380 ;; This function is called by:
   381 ;;		_main
   382 ;; This function uses a non-reentrant model
   383 ;;
   384                           
   385                           	psect	text1
   386  00FD20                     __ptext1:
   387                           	opt stack 0
   388  00FD20                     _relay_turn_on:
   389                           	opt stack 29
   390                           
   391                           ;ecu_realy_prog.c: 33: Std_ReturnType Local_Status=(Std_ReturnType)0x00;
   392                           
   393                           ;incstack = 0
   394  00FD20  0E00               	movlw	0
   395  00FD22  6E30               	movwf	relay_turn_on@Local_Status,c
   396                           
   397                           ;ecu_realy_prog.c: 34: if(relay_obj==(0)){
   398  00FD24  502E               	movf	relay_turn_on@relay_obj,w,c
   399  00FD26  102F               	iorwf	relay_turn_on@relay_obj+1,w,c
   400  00FD28  A4D8               	btfss	status,2,c
   401  00FD2A  D003               	goto	l1387
   402                           
   403                           ;ecu_realy_prog.c: 35: Local_Status=(Std_ReturnType)0x00;
   404  00FD2C  0E00               	movlw	0
   405  00FD2E  6E30               	movwf	relay_turn_on@Local_Status,c
   406                           
   407                           ;ecu_realy_prog.c: 36: }else{
   408  00FD30  0012               	return	
   409  00FD32                     l1387:
   410                           
   411                           ;ecu_realy_prog.c: 37: gpio_pin_write_logic(&relay_obj->relay_pin_config,HIGH);
   412  00FD32  C02E  F024         	movff	relay_turn_on@relay_obj,gpio_pin_write_logic@_pin_config
   413  00FD36  C02F  F025         	movff	relay_turn_on@relay_obj+1,gpio_pin_write_logic@_pin_config+1
   414  00FD3A  0E01               	movlw	1
   415  00FD3C  6E26               	movwf	gpio_pin_write_logic@logic,c
   416  00FD3E  EC7D  F07F         	call	_gpio_pin_write_logic	;wreg free
   417                           
   418                           ;ecu_realy_prog.c: 38: Local_Status=(Std_ReturnType)0x01;
   419  00FD42  0E01               	movlw	1
   420  00FD44  6E30               	movwf	relay_turn_on@Local_Status,c
   421  00FD46  0012               	return	
   422  00FD48                     __end_of_relay_turn_on:
   423                           	opt stack 0
   424                           tblptru	equ	0xFF8
   425                           tblptrh	equ	0xFF7
   426                           tblptrl	equ	0xFF6
   427                           tablat	equ	0xFF5
   428                           postinc0	equ	0xFEE
   429                           wreg	equ	0xFE8
   430                           postdec1	equ	0xFE5
   431                           fsr1l	equ	0xFE1
   432                           status	equ	0xFD8
   433                           
   434 ;; *************** function _relay_turn_off *****************
   435 ;; Defined at:
   436 ;;		line 49 in file "ECU_Layer/Relay/ecu_realy_prog.c"
   437 ;; Parameters:    Size  Location     Type
   438 ;;  relay_obj       2   10[COMRAM] PTR const struct .
   439 ;;		 -> relay1(5), 
   440 ;; Auto vars:     Size  Location     Type
   441 ;;  Local_Status    1   12[COMRAM] unsigned char 
   442 ;; Return value:  Size  Location     Type
   443 ;;                  1    wreg      unsigned char 
   444 ;; Registers used:
   445 ;;		wreg, fsr2l, fsr2h, status,2, status,0, prodl, prodh, cstack
   446 ;; Tracked objects:
   447 ;;		On entry : 0/0
   448 ;;		On exit  : 0/0
   449 ;;		Unchanged: 0/0
   450 ;; Data sizes:     COMRAM   BANK0   BANK1   BANK2   BANK3   BANK4   BANK5   BANK6   BANK7   BANK8   BANK9  BANK10  BANK1
      +1  BANK12  BANK13  BANK14  BANK15
   451 ;;      Params:         2       0       0       0       0       0       0       0       0       0       0       0       
      +0       0       0       0       0
   452 ;;      Locals:         1       0       0       0       0       0       0       0       0       0       0       0       
      +0       0       0       0       0
   453 ;;      Temps:          0       0       0       0       0       0       0       0       0       0       0       0       
      +0       0       0       0       0
   454 ;;      Totals:         3       0       0       0       0       0       0       0       0       0       0       0       
      +0       0       0       0       0
   455 ;;Total ram usage:        3 bytes
   456 ;; Hardware stack levels used:    1
   457 ;; Hardware stack levels required when called:    1
   458 ;; This function calls:
   459 ;;		_gpio_pin_write_logic
   460 ;; This function is called by:
   461 ;;		_main
   462 ;; This function uses a non-reentrant model
   463 ;;
   464                           
   465                           	psect	text2
   466  00FCF8                     __ptext2:
   467                           	opt stack 0
   468  00FCF8                     _relay_turn_off:
   469                           	opt stack 29
   470                           
   471                           ;ecu_realy_prog.c: 50: Std_ReturnType Local_Status=(Std_ReturnType)0x00;
   472                           
   473                           ;incstack = 0
   474  00FCF8  0E00               	movlw	0
   475  00FCFA  6E30               	movwf	relay_turn_off@Local_Status,c
   476                           
   477                           ;ecu_realy_prog.c: 51: if(relay_obj==(0)){
   478  00FCFC  502E               	movf	relay_turn_off@relay_obj,w,c
   479  00FCFE  102F               	iorwf	relay_turn_off@relay_obj+1,w,c
   480  00FD00  A4D8               	btfss	status,2,c
   481  00FD02  D003               	goto	l1399
   482                           
   483                           ;ecu_realy_prog.c: 52: Local_Status=(Std_ReturnType)0x00;
   484  00FD04  0E00               	movlw	0
   485  00FD06  6E30               	movwf	relay_turn_off@Local_Status,c
   486                           
   487                           ;ecu_realy_prog.c: 53: }else{
   488  00FD08  0012               	return	
   489  00FD0A                     l1399:
   490                           
   491                           ;ecu_realy_prog.c: 54: gpio_pin_write_logic(&relay_obj->relay_pin_config,LOW);
   492  00FD0A  C02E  F024         	movff	relay_turn_off@relay_obj,gpio_pin_write_logic@_pin_config
   493  00FD0E  C02F  F025         	movff	relay_turn_off@relay_obj+1,gpio_pin_write_logic@_pin_config+1
   494  00FD12  0E00               	movlw	0
   495  00FD14  6E26               	movwf	gpio_pin_write_logic@logic,c
   496  00FD16  EC7D  F07F         	call	_gpio_pin_write_logic	;wreg free
   497                           
   498                           ;ecu_realy_prog.c: 55: Local_Status=(Std_ReturnType)0x01;
   499  00FD1A  0E01               	movlw	1
   500  00FD1C  6E30               	movwf	relay_turn_off@Local_Status,c
   501  00FD1E  0012               	return	
   502  00FD20                     __end_of_relay_turn_off:
   503                           	opt stack 0
   504                           tblptru	equ	0xFF8
   505                           tblptrh	equ	0xFF7
   506                           tblptrl	equ	0xFF6
   507                           tablat	equ	0xFF5
   508                           postinc0	equ	0xFEE
   509                           wreg	equ	0xFE8
   510                           postdec1	equ	0xFE5
   511                           fsr1l	equ	0xFE1
   512                           status	equ	0xFD8
   513                           
   514 ;; *************** function _functionInitialize *****************
   515 ;; Defined at:
   516 ;;		line 27 in file "application.c"
   517 ;; Parameters:    Size  Location     Type
   518 ;;		None
   519 ;; Auto vars:     Size  Location     Type
   520 ;;		None
   521 ;; Return value:  Size  Location     Type
   522 ;;                  1    wreg      void 
   523 ;; Registers used:
   524 ;;		wreg, fsr2l, fsr2h, status,2, status,0, prodl, prodh, cstack
   525 ;; Tracked objects:
   526 ;;		On entry : 0/0
   527 ;;		On exit  : 0/0
   528 ;;		Unchanged: 0/0
   529 ;; Data sizes:     COMRAM   BANK0   BANK1   BANK2   BANK3   BANK4   BANK5   BANK6   BANK7   BANK8   BANK9  BANK10  BANK1
      +1  BANK12  BANK13  BANK14  BANK15
   530 ;;      Params:         0       0       0       0       0       0       0       0       0       0       0       0       
      +0       0       0       0       0
   531 ;;      Locals:         0       0       0       0       0       0       0       0       0       0       0       0       
      +0       0       0       0       0
   532 ;;      Temps:          0       0       0       0       0       0       0       0       0       0       0       0       
      +0       0       0       0       0
   533 ;;      Totals:         0       0       0       0       0       0       0       0       0       0       0       0       
      +0       0       0       0       0
   534 ;;Total ram usage:        0 bytes
   535 ;; Hardware stack levels used:    1
   536 ;; Hardware stack levels required when called:    3
   537 ;; This function calls:
   538 ;;		_relay_initialize
   539 ;; This function is called by:
   540 ;;		_main
   541 ;; This function uses a non-reentrant model
   542 ;;
   543                           
   544                           	psect	text3
   545  00FCA2                     __ptext3:
   546                           	opt stack 0
   547  00FCA2                     _functionInitialize:
   548                           	opt stack 27
   549                           
   550                           ;application.c: 28: relay_initialize(&relay1);
   551                           
   552                           ;incstack = 0
   553  00FCA2  0E1F               	movlw	low _relay1
   554  00FCA4  6E32               	movwf	relay_initialize@relay_obj,c
   555  00FCA6  0E00               	movlw	high _relay1
   556  00FCA8  6E33               	movwf	relay_initialize@relay_obj+1,c
   557  00FCAA  EC6A  F07E         	call	_relay_initialize	;wreg free
   558  00FCAE  0012               	return		;funcret
   559  00FCB0                     __end_of_functionInitialize:
   560                           	opt stack 0
   561                           tblptru	equ	0xFF8
   562                           tblptrh	equ	0xFF7
   563                           tblptrl	equ	0xFF6
   564                           tablat	equ	0xFF5
   565                           postinc0	equ	0xFEE
   566                           wreg	equ	0xFE8
   567                           postdec1	equ	0xFE5
   568                           fsr1l	equ	0xFE1
   569                           status	equ	0xFD8
   570                           
   571 ;; *************** function _relay_initialize *****************
   572 ;; Defined at:
   573 ;;		line 15 in file "ECU_Layer/Relay/ecu_realy_prog.c"
   574 ;; Parameters:    Size  Location     Type
   575 ;;  relay_obj       2   14[COMRAM] PTR const struct .
   576 ;;		 -> relay1(5), 
   577 ;; Auto vars:     Size  Location     Type
   578 ;;  Local_Status    1   16[COMRAM] unsigned char 
   579 ;; Return value:  Size  Location     Type
   580 ;;                  1    wreg      unsigned char 
   581 ;; Registers used:
   582 ;;		wreg, fsr2l, fsr2h, status,2, status,0, prodl, prodh, cstack
   583 ;; Tracked objects:
   584 ;;		On entry : 0/0
   585 ;;		On exit  : 0/0
   586 ;;		Unchanged: 0/0
   587 ;; Data sizes:     COMRAM   BANK0   BANK1   BANK2   BANK3   BANK4   BANK5   BANK6   BANK7   BANK8   BANK9  BANK10  BANK1
      +1  BANK12  BANK13  BANK14  BANK15
   588 ;;      Params:         2       0       0       0       0       0       0       0       0       0       0       0       
      +0       0       0       0       0
   589 ;;      Locals:         1       0       0       0       0       0       0       0       0       0       0       0       
      +0       0       0       0       0
   590 ;;      Temps:          0       0       0       0       0       0       0       0       0       0       0       0       
      +0       0       0       0       0
   591 ;;      Totals:         3       0       0       0       0       0       0       0       0       0       0       0       
      +0       0       0       0       0
   592 ;;Total ram usage:        3 bytes
   593 ;; Hardware stack levels used:    1
   594 ;; Hardware stack levels required when called:    2
   595 ;; This function calls:
   596 ;;		_gpio_pin_intialize
   597 ;; This function is called by:
   598 ;;		_functionInitialize
   599 ;; This function uses a non-reentrant model
   600 ;;
   601                           
   602                           	psect	text4
   603  00FCD4                     __ptext4:
   604                           	opt stack 0
   605  00FCD4                     _relay_initialize:
   606                           	opt stack 27
   607                           
   608                           ;ecu_realy_prog.c: 16: Std_ReturnType Local_Status=(Std_ReturnType)0x00;
   609                           
   610                           ;incstack = 0
   611  00FCD4  0E00               	movlw	0
   612  00FCD6  6E34               	movwf	relay_initialize@Local_Status,c
   613                           
   614                           ;ecu_realy_prog.c: 17: if(relay_obj==(0)){
   615  00FCD8  5032               	movf	relay_initialize@relay_obj,w,c
   616  00FCDA  1033               	iorwf	relay_initialize@relay_obj+1,w,c
   617  00FCDC  A4D8               	btfss	status,2,c
   618  00FCDE  D003               	goto	l1373
   619                           
   620                           ;ecu_realy_prog.c: 18: Local_Status=(Std_ReturnType)0x00;
   621  00FCE0  0E00               	movlw	0
   622  00FCE2  6E34               	movwf	relay_initialize@Local_Status,c
   623                           
   624                           ;ecu_realy_prog.c: 19: }else{
   625  00FCE4  0012               	return	
   626  00FCE6                     l1373:
   627                           
   628                           ;ecu_realy_prog.c: 20: gpio_pin_intialize(&relay_obj->relay_pin_config);
   629  00FCE6  C032  F02E         	movff	relay_initialize@relay_obj,gpio_pin_intialize@_pin_config
   630  00FCEA  C033  F02F         	movff	relay_initialize@relay_obj+1,gpio_pin_intialize@_pin_config+1
   631  00FCEE  ECDE  F07E         	call	_gpio_pin_intialize	;wreg free
   632                           
   633                           ;ecu_realy_prog.c: 21: Local_Status=(Std_ReturnType)0x01;
   634  00FCF2  0E01               	movlw	1
   635  00FCF4  6E34               	movwf	relay_initialize@Local_Status,c
   636  00FCF6  0012               	return	
   637  00FCF8                     __end_of_relay_initialize:
   638                           	opt stack 0
   639                           tblptru	equ	0xFF8
   640                           tblptrh	equ	0xFF7
   641                           tblptrl	equ	0xFF6
   642                           tablat	equ	0xFF5
   643                           postinc0	equ	0xFEE
   644                           wreg	equ	0xFE8
   645                           postdec1	equ	0xFE5
   646                           fsr1l	equ	0xFE1
   647                           status	equ	0xFD8
   648                           
   649 ;; *************** function _gpio_pin_intialize *****************
   650 ;; Defined at:
   651 ;;		line 103 in file "MCAL_Layer/GPIO/hal_gpio.c"
   652 ;; Parameters:    Size  Location     Type
   653 ;;  _pin_config     2   10[COMRAM] PTR const struct .
   654 ;;		 -> relay1(5), 
   655 ;; Auto vars:     Size  Location     Type
   656 ;;  LocalReturn     1   13[COMRAM] unsigned char 
   657 ;; Return value:  Size  Location     Type
   658 ;;                  1    wreg      unsigned char 
   659 ;; Registers used:
   660 ;;		wreg, fsr2l, fsr2h, status,2, status,0, prodl, prodh, cstack
   661 ;; Tracked objects:
   662 ;;		On entry : 0/0
   663 ;;		On exit  : 0/0
   664 ;;		Unchanged: 0/0
   665 ;; Data sizes:     COMRAM   BANK0   BANK1   BANK2   BANK3   BANK4   BANK5   BANK6   BANK7   BANK8   BANK9  BANK10  BANK1
      +1  BANK12  BANK13  BANK14  BANK15
   666 ;;      Params:         2       0       0       0       0       0       0       0       0       0       0       0       
      +0       0       0       0       0
   667 ;;      Locals:         1       0       0       0       0       0       0       0       0       0       0       0       
      +0       0       0       0       0
   668 ;;      Temps:          1       0       0       0       0       0       0       0       0       0       0       0       
      +0       0       0       0       0
   669 ;;      Totals:         4       0       0       0       0       0       0       0       0       0       0       0       
      +0       0       0       0       0
   670 ;;Total ram usage:        4 bytes
   671 ;; Hardware stack levels used:    1
   672 ;; Hardware stack levels required when called:    1
   673 ;; This function calls:
   674 ;;		_gpio_pin_direction_intialize
   675 ;;		_gpio_pin_write_logic
   676 ;; This function is called by:
   677 ;;		_relay_initialize
   678 ;; This function uses a non-reentrant model
   679 ;;
   680                           
   681                           	psect	text5
   682  00FDBC                     __ptext5:
   683                           	opt stack 0
   684  00FDBC                     _gpio_pin_intialize:
   685                           	opt stack 27
   686                           
   687                           ;hal_gpio.c: 104: Std_ReturnType LocalReturn=(Std_ReturnType)0x00;
   688                           
   689                           ;incstack = 0
   690  00FDBC  0E00               	movlw	0
   691  00FDBE  6E31               	movwf	gpio_pin_intialize@LocalReturn,c
   692                           
   693                           ;hal_gpio.c: 105: if(_pin_config==(0) || (_pin_config->port)>5 || (_pin_config->pin)>8){
   694  00FDC0  502E               	movf	gpio_pin_intialize@_pin_config,w,c
   695  00FDC2  102F               	iorwf	gpio_pin_intialize@_pin_config+1,w,c
   696  00FDC4  B4D8               	btfsc	status,2,c
   697  00FDC6  D010               	goto	l1359
   698  00FDC8  C02E  FFD9         	movff	gpio_pin_intialize@_pin_config,fsr2l
   699  00FDCC  C02F  FFDA         	movff	gpio_pin_intialize@_pin_config+1,fsr2h
   700  00FDD0  0E06               	movlw	6
   701  00FDD2  60DF               	cpfslt	indf2,c
   702  00FDD4  D009               	goto	l1359
   703  00FDD6  EE20 F001          	lfsr	2,1
   704  00FDDA  502E               	movf	gpio_pin_intialize@_pin_config,w,c
   705  00FDDC  26D9               	addwf	fsr2l,f,c
   706  00FDDE  502F               	movf	gpio_pin_intialize@_pin_config+1,w,c
   707  00FDE0  22DA               	addwfc	fsr2h,f,c
   708  00FDE2  0E08               	movlw	8
   709  00FDE4  64DF               	cpfsgt	indf2,c
   710  00FDE6  D003               	goto	l1361
   711  00FDE8                     l1359:
   712                           
   713                           ;hal_gpio.c: 106: LocalReturn=(Std_ReturnType)0x00;
   714  00FDE8  0E00               	movlw	0
   715  00FDEA  6E31               	movwf	gpio_pin_intialize@LocalReturn,c
   716                           
   717                           ;hal_gpio.c: 107: }else{
   718  00FDEC  0012               	return	
   719  00FDEE                     l1361:
   720                           
   721                           ;hal_gpio.c: 108: gpio_pin_direction_intialize(_pin_config);
   722  00FDEE  C02E  F024         	movff	gpio_pin_intialize@_pin_config,gpio_pin_direction_intialize@_pin_config
   723  00FDF2  C02F  F025         	movff	gpio_pin_intialize@_pin_config+1,gpio_pin_direction_intialize@_pin_config+1
   724  00FDF6  EC0E  F07F         	call	_gpio_pin_direction_intialize	;wreg free
   725                           
   726                           ;hal_gpio.c: 109: gpio_pin_write_logic(_pin_config,_pin_config->logic);
   727  00FDFA  C02E  F024         	movff	gpio_pin_intialize@_pin_config,gpio_pin_write_logic@_pin_config
   728  00FDFE  C02F  F025         	movff	gpio_pin_intialize@_pin_config+1,gpio_pin_write_logic@_pin_config+1
   729  00FE02  EE20 F003          	lfsr	2,3
   730  00FE06  502E               	movf	gpio_pin_intialize@_pin_config,w,c
   731  00FE08  26D9               	addwf	fsr2l,f,c
   732  00FE0A  502F               	movf	gpio_pin_intialize@_pin_config+1,w,c
   733  00FE0C  22DA               	addwfc	fsr2h,f,c
   734  00FE0E  50DF               	movf	indf2,w,c
   735  00FE10  6E26               	movwf	gpio_pin_write_logic@logic,c
   736  00FE12  EC7D  F07F         	call	_gpio_pin_write_logic	;wreg free
   737                           
   738                           ;hal_gpio.c: 110: LocalReturn=(Std_ReturnType)0x01;
   739  00FE16  0E01               	movlw	1
   740  00FE18  6E31               	movwf	gpio_pin_intialize@LocalReturn,c
   741  00FE1A  0012               	return	
   742  00FE1C                     __end_of_gpio_pin_intialize:
   743                           	opt stack 0
   744                           tblptru	equ	0xFF8
   745                           tblptrh	equ	0xFF7
   746                           tblptrl	equ	0xFF6
   747                           tablat	equ	0xFF5
   748                           postinc0	equ	0xFEE
   749                           wreg	equ	0xFE8
   750                           postdec1	equ	0xFE5
   751                           fsr1l	equ	0xFE1
   752                           indf2	equ	0xFDF
   753                           fsr2h	equ	0xFDA
   754                           fsr2l	equ	0xFD9
   755                           status	equ	0xFD8
   756                           
   757 ;; *************** function _gpio_pin_write_logic *****************
   758 ;; Defined at:
   759 ;;		line 60 in file "MCAL_Layer/GPIO/hal_gpio.c"
   760 ;; Parameters:    Size  Location     Type
   761 ;;  _pin_config     2    0[COMRAM] PTR const struct .
   762 ;;		 -> relay1(5), 
   763 ;;  logic           1    2[COMRAM] enum E3078
   764 ;; Auto vars:     Size  Location     Type
   765 ;;  LocalReturn     1    9[COMRAM] unsigned char 
   766 ;; Return value:  Size  Location     Type
   767 ;;                  1    wreg      unsigned char 
   768 ;; Registers used:
   769 ;;		wreg, fsr2l, fsr2h, status,2, status,0, prodl, prodh
   770 ;; Tracked objects:
   771 ;;		On entry : 0/0
   772 ;;		On exit  : 0/0
   773 ;;		Unchanged: 0/0
   774 ;; Data sizes:     COMRAM   BANK0   BANK1   BANK2   BANK3   BANK4   BANK5   BANK6   BANK7   BANK8   BANK9  BANK10  BANK1
      +1  BANK12  BANK13  BANK14  BANK15
   775 ;;      Params:         3       0       0       0       0       0       0       0       0       0       0       0       
      +0       0       0       0       0
   776 ;;      Locals:         1       0       0       0       0       0       0       0       0       0       0       0       
      +0       0       0       0       0
   777 ;;      Temps:          6       0       0       0       0       0       0       0       0       0       0       0       
      +0       0       0       0       0
   778 ;;      Totals:        10       0       0       0       0       0       0       0       0       0       0       0       
      +0       0       0       0       0
   779 ;;Total ram usage:       10 bytes
   780 ;; Hardware stack levels used:    1
   781 ;; This function calls:
   782 ;;		Nothing
   783 ;; This function is called by:
   784 ;;		_gpio_pin_intialize
   785 ;;		_relay_turn_on
   786 ;;		_relay_turn_off
   787 ;; This function uses a non-reentrant model
   788 ;;
   789                           
   790                           	psect	text6
   791  00FEFA                     __ptext6:
   792                           	opt stack 0
   793  00FEFA                     _gpio_pin_write_logic:
   794                           	opt stack 29
   795                           
   796                           ;hal_gpio.c: 61: Std_ReturnType LocalReturn=(Std_ReturnType)0x00;
   797                           
   798                           ;incstack = 0
   799  00FEFA  0E00               	movlw	0
   800  00FEFC  6E2D               	movwf	gpio_pin_write_logic@LocalReturn,c
   801                           
   802                           ;hal_gpio.c: 62: if(_pin_config==(0) || (_pin_config->port)>5 || (_pin_config->pin)>8 ||
      +                           (_pin_config->directin==INPUT)){
   803  00FEFE  5024               	movf	gpio_pin_write_logic@_pin_config,w,c
   804  00FF00  1025               	iorwf	gpio_pin_write_logic@_pin_config+1,w,c
   805  00FF02  B4D8               	btfsc	status,2,c
   806  00FF04  D019               	goto	l1337
   807  00FF06  C024  FFD9         	movff	gpio_pin_write_logic@_pin_config,fsr2l
   808  00FF0A  C025  FFDA         	movff	gpio_pin_write_logic@_pin_config+1,fsr2h
   809  00FF0E  0E06               	movlw	6
   810  00FF10  60DF               	cpfslt	indf2,c
   811  00FF12  D012               	goto	l1337
   812  00FF14  EE20 F001          	lfsr	2,1
   813  00FF18  5024               	movf	gpio_pin_write_logic@_pin_config,w,c
   814  00FF1A  26D9               	addwf	fsr2l,f,c
   815  00FF1C  5025               	movf	gpio_pin_write_logic@_pin_config+1,w,c
   816  00FF1E  22DA               	addwfc	fsr2h,f,c
   817  00FF20  0E09               	movlw	9
   818  00FF22  60DF               	cpfslt	indf2,c
   819  00FF24  D009               	goto	l1337
   820  00FF26  EE20 F002          	lfsr	2,2
   821  00FF2A  5024               	movf	gpio_pin_write_logic@_pin_config,w,c
   822  00FF2C  26D9               	addwf	fsr2l,f,c
   823  00FF2E  5025               	movf	gpio_pin_write_logic@_pin_config+1,w,c
   824  00FF30  22DA               	addwfc	fsr2h,f,c
   825  00FF32  04DE               	decf	postinc2,w,c
   826  00FF34  A4D8               	btfss	status,2,c
   827  00FF36  D05C               	goto	l1349
   828  00FF38                     l1337:
   829                           
   830                           ;hal_gpio.c: 63: LocalReturn=(Std_ReturnType)0x00;
   831  00FF38  0E00               	movlw	0
   832  00FF3A  6E2D               	movwf	gpio_pin_write_logic@LocalReturn,c
   833                           
   834                           ;hal_gpio.c: 64: }else{
   835  00FF3C  0012               	return	
   836  00FF3E                     l1339:
   837                           
   838                           ;hal_gpio.c: 67: (*lat_register[_pin_config->port] |= ((uint8)1 << _pin_config->pin));
   839  00FF3E  EE20 F001          	lfsr	2,1
   840  00FF42  5024               	movf	gpio_pin_write_logic@_pin_config,w,c
   841  00FF44  26D9               	addwf	fsr2l,f,c
   842  00FF46  5025               	movf	gpio_pin_write_logic@_pin_config+1,w,c
   843  00FF48  22DA               	addwfc	fsr2h,f,c
   844  00FF4A  50DF               	movf	indf2,w,c
   845  00FF4C  6E27               	movwf	??_gpio_pin_write_logic& (0+255),c
   846  00FF4E  0E01               	movlw	1
   847  00FF50  6E28               	movwf	(??_gpio_pin_write_logic+1)& (0+255),c
   848  00FF52  2A27               	incf	??_gpio_pin_write_logic,f,c
   849  00FF54  D002               	goto	u614
   850  00FF56                     u615:
   851  00FF56  90D8               	bcf	status,0,c
   852  00FF58  3628               	rlcf	??_gpio_pin_write_logic+1,f,c
   853  00FF5A                     u614:
   854  00FF5A  2E27               	decfsz	??_gpio_pin_write_logic,f,c
   855  00FF5C  D7FC               	goto	u615
   856  00FF5E  C024  FFD9         	movff	gpio_pin_write_logic@_pin_config,fsr2l
   857  00FF62  C025  FFDA         	movff	gpio_pin_write_logic@_pin_config+1,fsr2h
   858  00FF66  50DF               	movf	indf2,w,c
   859  00FF68  6E29               	movwf	(??_gpio_pin_write_logic+2)& (0+255),c
   860  00FF6A  5029               	movf	??_gpio_pin_write_logic+2,w,c
   861  00FF6C  0D02               	mullw	2
   862  00FF6E  0E01               	movlw	low _lat_register
   863  00FF70  24F3               	addwf	prodl,w,c
   864  00FF72  6ED9               	movwf	fsr2l,c
   865  00FF74  0E00               	movlw	high _lat_register
   866  00FF76  20F4               	addwfc	prodh,w,c
   867  00FF78  6EDA               	movwf	fsr2h,c
   868  00FF7A  CFDE F02A          	movff	postinc2,??_gpio_pin_write_logic+3
   869  00FF7E  CFDD F02B          	movff	postdec2,??_gpio_pin_write_logic+4
   870  00FF82  C02A  FFD9         	movff	??_gpio_pin_write_logic+3,fsr2l
   871  00FF86  C02B  FFDA         	movff	??_gpio_pin_write_logic+4,fsr2h
   872  00FF8A  5028               	movf	??_gpio_pin_write_logic+1,w,c
   873  00FF8C  12DF               	iorwf	indf2,f,c
   874                           
   875                           ;hal_gpio.c: 68: LocalReturn=(Std_ReturnType)0x01;
   876  00FF8E  0E01               	movlw	1
   877  00FF90  6E2D               	movwf	gpio_pin_write_logic@LocalReturn,c
   878                           
   879                           ;hal_gpio.c: 69: break;
   880  00FF92  0012               	return	
   881  00FF94                     l1343:
   882                           
   883                           ;hal_gpio.c: 71: (*lat_register[_pin_config->port] &= ~((uint8)1 << _pin_config->pin));
   884  00FF94  EE20 F001          	lfsr	2,1
   885  00FF98  5024               	movf	gpio_pin_write_logic@_pin_config,w,c
   886  00FF9A  26D9               	addwf	fsr2l,f,c
   887  00FF9C  5025               	movf	gpio_pin_write_logic@_pin_config+1,w,c
   888  00FF9E  22DA               	addwfc	fsr2h,f,c
   889  00FFA0  50DF               	movf	indf2,w,c
   890  00FFA2  6E27               	movwf	??_gpio_pin_write_logic& (0+255),c
   891  00FFA4  0E01               	movlw	1
   892  00FFA6  6E28               	movwf	(??_gpio_pin_write_logic+1)& (0+255),c
   893  00FFA8  2A27               	incf	??_gpio_pin_write_logic,f,c
   894  00FFAA  D002               	goto	u624
   895  00FFAC                     u625:
   896  00FFAC  90D8               	bcf	status,0,c
   897  00FFAE  3628               	rlcf	??_gpio_pin_write_logic+1,f,c
   898  00FFB0                     u624:
   899  00FFB0  2E27               	decfsz	??_gpio_pin_write_logic,f,c
   900  00FFB2  D7FC               	goto	u625
   901  00FFB4  5028               	movf	??_gpio_pin_write_logic+1,w,c
   902  00FFB6  0AFF               	xorlw	255
   903  00FFB8  6E29               	movwf	(??_gpio_pin_write_logic+2)& (0+255),c
   904  00FFBA  C024  FFD9         	movff	gpio_pin_write_logic@_pin_config,fsr2l
   905  00FFBE  C025  FFDA         	movff	gpio_pin_write_logic@_pin_config+1,fsr2h
   906  00FFC2  50DF               	movf	indf2,w,c
   907  00FFC4  6E2A               	movwf	(??_gpio_pin_write_logic+3)& (0+255),c
   908  00FFC6  502A               	movf	??_gpio_pin_write_logic+3,w,c
   909  00FFC8  0D02               	mullw	2
   910  00FFCA  0E01               	movlw	low _lat_register
   911  00FFCC  24F3               	addwf	prodl,w,c
   912  00FFCE  6ED9               	movwf	fsr2l,c
   913  00FFD0  0E00               	movlw	high _lat_register
   914  00FFD2  20F4               	addwfc	prodh,w,c
   915  00FFD4  6EDA               	movwf	fsr2h,c
   916  00FFD6  CFDE F02B          	movff	postinc2,??_gpio_pin_write_logic+4
   917  00FFDA  CFDD F02C          	movff	postdec2,??_gpio_pin_write_logic+5
   918  00FFDE  C02B  FFD9         	movff	??_gpio_pin_write_logic+4,fsr2l
   919  00FFE2  C02C  FFDA         	movff	??_gpio_pin_write_logic+5,fsr2h
   920  00FFE6  5029               	movf	??_gpio_pin_write_logic+2,w,c
   921  00FFE8  16DF               	andwf	indf2,f,c
   922                           
   923                           ;hal_gpio.c: 72: LocalReturn=(Std_ReturnType)0x01;
   924  00FFEA  0E01               	movlw	1
   925  00FFEC  6E2D               	movwf	gpio_pin_write_logic@LocalReturn,c
   926                           
   927                           ;hal_gpio.c: 74: }
   928                           
   929                           ;hal_gpio.c: 73: break;
   930  00FFEE  0012               	return	
   931  00FFF0                     l1349:
   932  00FFF0  5026               	movf	gpio_pin_write_logic@logic,w,c
   933                           
   934                           ; Switch size 1, requested type "space"
   935                           ; Number of cases is 2, Range of values is 0 to 1
   936                           ; switch strategies available:
   937                           ; Name         Instructions Cycles
   938                           ; simple_byte            7     4 (average)
   939                           ;	Chosen strategy is simple_byte
   940  00FFF2  0A00               	xorlw	0	; case 0
   941  00FFF4  B4D8               	btfsc	status,2,c
   942  00FFF6  D7CE               	goto	l1343
   943  00FFF8  0A01               	xorlw	1	; case 1
   944  00FFFA  A4D8               	btfss	status,2,c
   945  00FFFC  0012               	return	
   946  00FFFE  D79F               	goto	l1339
   947  010000                     __end_of_gpio_pin_write_logic:
   948                           	opt stack 0
   949                           tblptru	equ	0xFF8
   950                           tblptrh	equ	0xFF7
   951                           tblptrl	equ	0xFF6
   952                           tablat	equ	0xFF5
   953                           prodh	equ	0xFF4
   954                           prodl	equ	0xFF3
   955                           postinc0	equ	0xFEE
   956                           wreg	equ	0xFE8
   957                           postdec1	equ	0xFE5
   958                           fsr1l	equ	0xFE1
   959                           indf2	equ	0xFDF
   960                           postinc2	equ	0xFDE
   961                           postdec2	equ	0xFDD
   962                           fsr2h	equ	0xFDA
   963                           fsr2l	equ	0xFD9
   964                           status	equ	0xFD8
   965                           
   966 ;; *************** function _gpio_pin_direction_intialize *****************
   967 ;; Defined at:
   968 ;;		line 16 in file "MCAL_Layer/GPIO/hal_gpio.c"
   969 ;; Parameters:    Size  Location     Type
   970 ;;  _pin_config     2    0[COMRAM] PTR const struct .
   971 ;;		 -> relay1(5), 
   972 ;; Auto vars:     Size  Location     Type
   973 ;;  LocalReturn     1    8[COMRAM] unsigned char 
   974 ;; Return value:  Size  Location     Type
   975 ;;                  1    wreg      unsigned char 
   976 ;; Registers used:
   977 ;;		wreg, fsr2l, fsr2h, status,2, status,0, prodl, prodh
   978 ;; Tracked objects:
   979 ;;		On entry : 0/0
   980 ;;		On exit  : 0/0
   981 ;;		Unchanged: 0/0
   982 ;; Data sizes:     COMRAM   BANK0   BANK1   BANK2   BANK3   BANK4   BANK5   BANK6   BANK7   BANK8   BANK9  BANK10  BANK1
      +1  BANK12  BANK13  BANK14  BANK15
   983 ;;      Params:         2       0       0       0       0       0       0       0       0       0       0       0       
      +0       0       0       0       0
   984 ;;      Locals:         1       0       0       0       0       0       0       0       0       0       0       0       
      +0       0       0       0       0
   985 ;;      Temps:          6       0       0       0       0       0       0       0       0       0       0       0       
      +0       0       0       0       0
   986 ;;      Totals:         9       0       0       0       0       0       0       0       0       0       0       0       
      +0       0       0       0       0
   987 ;;Total ram usage:        9 bytes
   988 ;; Hardware stack levels used:    1
   989 ;; This function calls:
   990 ;;		Nothing
   991 ;; This function is called by:
   992 ;;		_gpio_pin_intialize
   993 ;;		_button_initialize
   994 ;; This function uses a non-reentrant model
   995 ;;
   996                           
   997                           	psect	text7
   998  00FE1C                     __ptext7:
   999                           	opt stack 0
  1000  00FE1C                     _gpio_pin_direction_intialize:
  1001                           	opt stack 27
  1002                           
  1003                           ;hal_gpio.c: 17: Std_ReturnType LocalReturn=(Std_ReturnType)0x00;
  1004                           
  1005                           ;incstack = 0
  1006  00FE1C  0E00               	movlw	0
  1007  00FE1E  6E2C               	movwf	gpio_pin_direction_intialize@LocalReturn,c
  1008                           
  1009                           ;hal_gpio.c: 18: if(_pin_config==(0)){
  1010  00FE20  5024               	movf	gpio_pin_direction_intialize@_pin_config,w,c
  1011  00FE22  1025               	iorwf	gpio_pin_direction_intialize@_pin_config+1,w,c
  1012  00FE24  A4D8               	btfss	status,2,c
  1013  00FE26  D05A               	goto	l1321
  1014                           
  1015                           ;hal_gpio.c: 19: LocalReturn=(Std_ReturnType)0x00;
  1016  00FE28  0E00               	movlw	0
  1017  00FE2A  D029               	goto	L1
  1018  00FE2C                     l1311:
  1019                           
  1020                           ;hal_gpio.c: 23: (*tris_register[_pin_config->port] |= ((uint8)1 << _pin_config->pin));
  1021  00FE2C  EE20 F001          	lfsr	2,1
  1022  00FE30  5024               	movf	gpio_pin_direction_intialize@_pin_config,w,c
  1023  00FE32  26D9               	addwf	fsr2l,f,c
  1024  00FE34  5025               	movf	gpio_pin_direction_intialize@_pin_config+1,w,c
  1025  00FE36  22DA               	addwfc	fsr2h,f,c
  1026  00FE38  50DF               	movf	indf2,w,c
  1027  00FE3A  6E26               	movwf	??_gpio_pin_direction_intialize& (0+255),c
  1028  00FE3C  0E01               	movlw	1
  1029  00FE3E  6E27               	movwf	(??_gpio_pin_direction_intialize+1)& (0+255),c
  1030  00FE40  2A26               	incf	??_gpio_pin_direction_intialize,f,c
  1031  00FE42  D002               	goto	u554
  1032  00FE44                     u555:
  1033  00FE44  90D8               	bcf	status,0,c
  1034  00FE46  3627               	rlcf	??_gpio_pin_direction_intialize+1,f,c
  1035  00FE48                     u554:
  1036  00FE48  2E26               	decfsz	??_gpio_pin_direction_intialize,f,c
  1037  00FE4A  D7FC               	goto	u555
  1038  00FE4C  C024  FFD9         	movff	gpio_pin_direction_intialize@_pin_config,fsr2l
  1039  00FE50  C025  FFDA         	movff	gpio_pin_direction_intialize@_pin_config+1,fsr2h
  1040  00FE54  50DF               	movf	indf2,w,c
  1041  00FE56  6E28               	movwf	(??_gpio_pin_direction_intialize+2)& (0+255),c
  1042  00FE58  5028               	movf	??_gpio_pin_direction_intialize+2,w,c
  1043  00FE5A  0D02               	mullw	2
  1044  00FE5C  0E15               	movlw	low _tris_register
  1045  00FE5E  24F3               	addwf	prodl,w,c
  1046  00FE60  6ED9               	movwf	fsr2l,c
  1047  00FE62  0E00               	movlw	high _tris_register
  1048  00FE64  20F4               	addwfc	prodh,w,c
  1049  00FE66  6EDA               	movwf	fsr2h,c
  1050  00FE68  CFDE F029          	movff	postinc2,??_gpio_pin_direction_intialize+3
  1051  00FE6C  CFDD F02A          	movff	postdec2,??_gpio_pin_direction_intialize+4
  1052  00FE70  C029  FFD9         	movff	??_gpio_pin_direction_intialize+3,fsr2l
  1053  00FE74  C02A  FFDA         	movff	??_gpio_pin_direction_intialize+4,fsr2h
  1054  00FE78  5027               	movf	??_gpio_pin_direction_intialize+1,w,c
  1055  00FE7A  12DF               	iorwf	indf2,f,c
  1056  00FE7C  D02D               	goto	l1317
  1057  00FE7E                     L1:
  1058  00FE7E  6E2C               	movwf	gpio_pin_direction_intialize@LocalReturn,c
  1059                           
  1060                           ;hal_gpio.c: 25: break;
  1061  00FE80  D03A               	goto	l1323
  1062  00FE82                     l1315:
  1063                           
  1064                           ;hal_gpio.c: 27: (*tris_register[_pin_config->port] &= ~((uint8)1 << _pin_config->pin));
  1065  00FE82  EE20 F001          	lfsr	2,1
  1066  00FE86  5024               	movf	gpio_pin_direction_intialize@_pin_config,w,c
  1067  00FE88  26D9               	addwf	fsr2l,f,c
  1068  00FE8A  5025               	movf	gpio_pin_direction_intialize@_pin_config+1,w,c
  1069  00FE8C  22DA               	addwfc	fsr2h,f,c
  1070  00FE8E  50DF               	movf	indf2,w,c
  1071  00FE90  6E26               	movwf	??_gpio_pin_direction_intialize& (0+255),c
  1072  00FE92  0E01               	movlw	1
  1073  00FE94  6E27               	movwf	(??_gpio_pin_direction_intialize+1)& (0+255),c
  1074  00FE96  2A26               	incf	??_gpio_pin_direction_intialize,f,c
  1075  00FE98  D002               	goto	u564
  1076  00FE9A                     u565:
  1077  00FE9A  90D8               	bcf	status,0,c
  1078  00FE9C  3627               	rlcf	??_gpio_pin_direction_intialize+1,f,c
  1079  00FE9E                     u564:
  1080  00FE9E  2E26               	decfsz	??_gpio_pin_direction_intialize,f,c
  1081  00FEA0  D7FC               	goto	u565
  1082  00FEA2  5027               	movf	??_gpio_pin_direction_intialize+1,w,c
  1083  00FEA4  0AFF               	xorlw	255
  1084  00FEA6  6E28               	movwf	(??_gpio_pin_direction_intialize+2)& (0+255),c
  1085  00FEA8  C024  FFD9         	movff	gpio_pin_direction_intialize@_pin_config,fsr2l
  1086  00FEAC  C025  FFDA         	movff	gpio_pin_direction_intialize@_pin_config+1,fsr2h
  1087  00FEB0  50DF               	movf	indf2,w,c
  1088  00FEB2  6E29               	movwf	(??_gpio_pin_direction_intialize+3)& (0+255),c
  1089  00FEB4  5029               	movf	??_gpio_pin_direction_intialize+3,w,c
  1090  00FEB6  0D02               	mullw	2
  1091  00FEB8  0E15               	movlw	low _tris_register
  1092  00FEBA  24F3               	addwf	prodl,w,c
  1093  00FEBC  6ED9               	movwf	fsr2l,c
  1094  00FEBE  0E00               	movlw	high _tris_register
  1095  00FEC0  20F4               	addwfc	prodh,w,c
  1096  00FEC2  6EDA               	movwf	fsr2h,c
  1097  00FEC4  CFDE F02A          	movff	postinc2,??_gpio_pin_direction_intialize+4
  1098  00FEC8  CFDD F02B          	movff	postdec2,??_gpio_pin_direction_intialize+5
  1099  00FECC  C02A  FFD9         	movff	??_gpio_pin_direction_intialize+4,fsr2l
  1100  00FED0  C02B  FFDA         	movff	??_gpio_pin_direction_intialize+5,fsr2h
  1101  00FED4  5028               	movf	??_gpio_pin_direction_intialize+2,w,c
  1102  00FED6  16DF               	andwf	indf2,f,c
  1103  00FED8                     l1317:
  1104                           
  1105                           ;hal_gpio.c: 28: LocalReturn=(Std_ReturnType)0x01;
  1106  00FED8  0E01               	movlw	1
  1107  00FEDA  D7D1               	goto	L1
  1108  00FEDC                     l1321:
  1109  00FEDC  EE20 F002          	lfsr	2,2
  1110  00FEE0  5024               	movf	gpio_pin_direction_intialize@_pin_config,w,c
  1111  00FEE2  26D9               	addwf	fsr2l,f,c
  1112  00FEE4  5025               	movf	gpio_pin_direction_intialize@_pin_config+1,w,c
  1113  00FEE6  22DA               	addwfc	fsr2h,f,c
  1114  00FEE8  50DF               	movf	indf2,w,c
  1115                           
  1116                           ; Switch size 1, requested type "space"
  1117                           ; Number of cases is 2, Range of values is 0 to 1
  1118                           ; switch strategies available:
  1119                           ; Name         Instructions Cycles
  1120                           ; simple_byte            7     4 (average)
  1121                           ;	Chosen strategy is simple_byte
  1122  00FEEA  0A00               	xorlw	0	; case 0
  1123  00FEEC  B4D8               	btfsc	status,2,c
  1124  00FEEE  D7C9               	goto	l1315
  1125  00FEF0  0A01               	xorlw	1	; case 1
  1126  00FEF2  B4D8               	btfsc	status,2,c
  1127  00FEF4  D79B               	goto	l1311
  1128  00FEF6                     l1323:
  1129                           
  1130                           ;hal_gpio.c: 31: }
  1131                           ;hal_gpio.c: 32: return LocalReturn;
  1132  00FEF6  502C               	movf	gpio_pin_direction_intialize@LocalReturn,w,c
  1133  00FEF8  0012               	return	
  1134  00FEFA                     __end_of_gpio_pin_direction_intialize:
  1135                           	opt stack 0
  1136  0000                     tblptru	equ	0xFF8
  1137                           tblptrh	equ	0xFF7
  1138                           tblptrl	equ	0xFF6
  1139                           tablat	equ	0xFF5
  1140                           prodh	equ	0xFF4
  1141                           prodl	equ	0xFF3
  1142                           postinc0	equ	0xFEE
  1143                           wreg	equ	0xFE8
  1144                           postdec1	equ	0xFE5
  1145                           fsr1l	equ	0xFE1
  1146                           indf2	equ	0xFDF
  1147                           postinc2	equ	0xFDE
  1148                           postdec2	equ	0xFDD
  1149                           fsr2h	equ	0xFDA
  1150                           fsr2l	equ	0xFD9
  1151                           status	equ	0xFD8
  1152                           tblptru	equ	0xFF8
  1153                           tblptrh	equ	0xFF7
  1154                           tblptrl	equ	0xFF6
  1155                           tablat	equ	0xFF5
  1156                           prodh	equ	0xFF4
  1157                           prodl	equ	0xFF3
  1158                           postinc0	equ	0xFEE
  1159                           wreg	equ	0xFE8
  1160                           postdec1	equ	0xFE5
  1161                           fsr1l	equ	0xFE1
  1162                           indf2	equ	0xFDF
  1163                           postinc2	equ	0xFDE
  1164                           postdec2	equ	0xFDD
  1165                           fsr2h	equ	0xFDA
  1166                           fsr2l	equ	0xFD9
  1167                           status	equ	0xFD8
  1168                           
  1169                           	psect	rparam
  1170  0000                     tblptru	equ	0xFF8
  1171                           tblptrh	equ	0xFF7
  1172                           tblptrl	equ	0xFF6
  1173                           tablat	equ	0xFF5
  1174                           prodh	equ	0xFF4
  1175                           prodl	equ	0xFF3
  1176                           postinc0	equ	0xFEE
  1177                           wreg	equ	0xFE8
  1178                           postdec1	equ	0xFE5
  1179                           fsr1l	equ	0xFE1
  1180                           indf2	equ	0xFDF
  1181                           postinc2	equ	0xFDE
  1182                           postdec2	equ	0xFDD
  1183                           fsr2h	equ	0xFDA
  1184                           fsr2l	equ	0xFD9
  1185                           status	equ	0xFD8


Data Sizes:
    Strings     0
    Constant    0
    Data        35
    BSS         0
    Persistent  0
    Stack       0

Auto Spaces:
    Space          Size  Autos    Used
    COMRAM          127     19      54
    BANK0           128      0       0
    BANK1           256      0       0
    BANK2           256      0       0
    BANK3           256      0       0
    BANK4           256      0       0
    BANK5           256      0       0
    BANK6           256      0       0
    BANK7           256      0       0
    BANK8           256      0       0
    BANK9           256      0       0
    BANK10          256      0       0
    BANK11          256      0       0
    BANK12          256      0       0
    BANK13          256      0       0
    BANK14          256      0       0
    BANK15          128      0       0

Pointer List with Targets:

    relay_turn_off@relay_obj	PTR const struct . size(2) Largest target is 5
		 -> relay1(COMRAM[5]), 

    relay_turn_on@relay_obj	PTR const struct . size(2) Largest target is 5
		 -> relay1(COMRAM[5]), 

    relay_initialize@relay_obj	PTR const struct . size(2) Largest target is 5
		 -> relay1(COMRAM[5]), 

    gpio_pin_intialize@_pin_config	PTR const struct . size(2) Largest target is 5
		 -> relay1(COMRAM[5]), 

    gpio_pin_write_logic@_pin_config	PTR const struct . size(2) Largest target is 5
		 -> relay1(COMRAM[5]), 

    gpio_pin_direction_intialize@_pin_config	PTR const struct . size(2) Largest target is 5
		 -> relay1(COMRAM[5]), 

    lat_register	PTR volatile unsigned char [5] size(2) Largest target is 1
		 -> LATE(SFR[1]), LATD(SFR[1]), LATC(SFR[1]), LATB(SFR[1]), 
		 -> LATA(SFR[1]), 

    port_register	PTR volatile unsigned char [5] size(2) Largest target is 1
		 -> PORTE(SFR[1]), PORTD(SFR[1]), PORTC(SFR[1]), PORTB(SFR[1]), 
		 -> PORTA(SFR[1]), 

    tris_register	PTR volatile unsigned char [5] size(2) Largest target is 1
		 -> TRISE(SFR[1]), TRISD(SFR[1]), TRISC(SFR[1]), TRISB(SFR[1]), 
		 -> TRISA(SFR[1]), 


Critical Paths under _main in COMRAM

    _relay_turn_on->_gpio_pin_write_logic
    _relay_turn_off->_gpio_pin_write_logic
    _functionInitialize->_relay_initialize
    _relay_initialize->_gpio_pin_intialize
    _gpio_pin_intialize->_gpio_pin_write_logic

Critical Paths under _main in BANK0

    None.

Critical Paths under _main in BANK1

    None.

Critical Paths under _main in BANK2

    None.

Critical Paths under _main in BANK3

    None.

Critical Paths under _main in BANK4

    None.

Critical Paths under _main in BANK5

    None.

Critical Paths under _main in BANK6

    None.

Critical Paths under _main in BANK7

    None.

Critical Paths under _main in BANK8

    None.

Critical Paths under _main in BANK9

    None.

Critical Paths under _main in BANK10

    None.

Critical Paths under _main in BANK11

    None.

Critical Paths under _main in BANK12

    None.

Critical Paths under _main in BANK13

    None.

Critical Paths under _main in BANK14

    None.

Critical Paths under _main in BANK15

    None.

Call Graph Tables:

 ---------------------------------------------------------------------------------
 (Depth) Function   	        Calls       Base Space   Used Autos Params    Refs
 ---------------------------------------------------------------------------------
 (0) _main                                                 2     2      0    2618
                                             17 COMRAM     2     2      0
                 _functionInitialize
                     _relay_turn_off
                      _relay_turn_on
 ---------------------------------------------------------------------------------
 (1) _relay_turn_on                                        3     1      2     709
                                             10 COMRAM     3     1      2
               _gpio_pin_write_logic
 ---------------------------------------------------------------------------------
 (1) _relay_turn_off                                       3     1      2     709
                                             10 COMRAM     3     1      2
               _gpio_pin_write_logic
 ---------------------------------------------------------------------------------
 (1) _functionInitialize                                   0     0      0    1200
                   _relay_initialize
 ---------------------------------------------------------------------------------
 (2) _relay_initialize                                     3     1      2    1200
                                             14 COMRAM     3     1      2
                 _gpio_pin_intialize
 ---------------------------------------------------------------------------------
 (3) _gpio_pin_intialize                                   4     2      2    1083
                                             10 COMRAM     4     2      2
       _gpio_pin_direction_intialize
               _gpio_pin_write_logic
 ---------------------------------------------------------------------------------
 (2) _gpio_pin_write_logic                                10     7      3     592
                                              0 COMRAM    10     7      3
 ---------------------------------------------------------------------------------
 (4) _gpio_pin_direction_intialize                         9     7      2     286
                                              0 COMRAM     9     7      2
 ---------------------------------------------------------------------------------
 Estimated maximum stack depth 4
 ---------------------------------------------------------------------------------

 Call Graph Graphs:

 _main (ROOT)
   _functionInitialize
     _relay_initialize
       _gpio_pin_intialize
         _gpio_pin_direction_intialize
         _gpio_pin_write_logic
   _relay_turn_off
     _gpio_pin_write_logic
   _relay_turn_on
     _gpio_pin_write_logic

 Address spaces:
Name               Size   Autos  Total    Cost      Usage
BIGRAM             F7F      0       0      37        0.0%
EEDATA             400      0       0       0        0.0%
BITBANK14          100      0       0      32        0.0%
BANK14             100      0       0      33        0.0%
BITBANK13          100      0       0      30        0.0%
BANK13             100      0       0      31        0.0%
BITBANK12          100      0       0      28        0.0%
BANK12             100      0       0      29        0.0%
BITBANK11          100      0       0      26        0.0%
BANK11             100      0       0      27        0.0%
BITBANK10          100      0       0      24        0.0%
BANK10             100      0       0      25        0.0%
BITBANK9           100      0       0      22        0.0%
BANK9              100      0       0      23        0.0%
BITBANK8           100      0       0      20        0.0%
BANK8              100      0       0      21        0.0%
BITBANK7           100      0       0      18        0.0%
BANK7              100      0       0      19        0.0%
BITBANK6           100      0       0      16        0.0%
BANK6              100      0       0      17        0.0%
BITBANK5           100      0       0      14        0.0%
BANK5              100      0       0      15        0.0%
BITBANK4           100      0       0      12        0.0%
BANK4              100      0       0      13        0.0%
BITBANK3           100      0       0      10        0.0%
BANK3              100      0       0      11        0.0%
BITBANK2           100      0       0       8        0.0%
BANK2              100      0       0       9        0.0%
BITBANK1           100      0       0       6        0.0%
BANK1              100      0       0       7        0.0%
BITBANK15           80      0       0      35        0.0%
BANK15              80      0       0      36        0.0%
BITBANK0            80      0       0       4        0.0%
BANK0               80      0       0       5        0.0%
BITCOMRAM           7F      0       0       0        0.0%
COMRAM              7F     13      36       1       42.5%
BITSFR               0      0       0     200        0.0%
SFR                  0      0       0     200        0.0%
STACK                0      0       0       2        0.0%
NULL                 0      0       0       0        0.0%
ABS                  0      0      36      34        0.0%
DATA                 0      0      36       3        0.0%
CODE                 0      0       0       0        0.0%


Microchip Technology PIC18 Macro Assembler V1.41 build -162212810 
Symbol Table                                                                                   Sun Sep 17 16:40:20 2023

                            __CFG_BORV$1 000000                             __CFG_CP0$OFF 000000  
                           __CFG_CP1$OFF 000000                             __CFG_CP2$OFF 000000  
                           __CFG_CP3$OFF 000000                              __CFG_OSC$HS 000000  
                __size_of_relay_turn_off 0028                                      l287 FD76  
                           __CFG_CPB$OFF 000000                             __CFG_CPD$OFF 000000  
                                    u614 FF5A                                      u615 FF56  
                                    u624 FFB0                                      u625 FFAC  
                                    u554 FE48                                      u555 FE44  
                                    u707 FD8C                                      u564 FE9E  
                                    u565 FE9A                                      u717 FDAE  
                                    prod 000FF3                                      wreg 000FE8  
                           __CFG_LVP$OFF 000000                             __CFG_WDT$OFF 000000  
                                   l1311 FE2C                                     l1321 FEDC  
                                   l1315 FE82                                     l1323 FEF6  
                                   l1317 FED8                                     l1343 FF94  
                                   l1337 FF38                                     l1361 FDEE  
                                   l1339 FF3E                                     l1349 FFF0  
                                   l1373 FCE6                                     l1359 FDE8  
                                   l1387 FD32                                     l1399 FD0A  
                                   _LATA 000F89                                     _LATB 000F8A  
                                   _LATC 000F8B                                     _LATD 000F8C  
                                   _LATE 000F8D                                     _main FD72  
                                   fsr2h 000FDA                                     indf2 000FDF  
                                   fsr1l 000FE1                                     fsr2l 000FD9  
                                   prodl 000FF3                                     start 0000  
                          __CFG_IESO$OFF 000000                            __CFG_MCLRE$ON 000000  
                           ___param_bank 000000                     _gpio_pin_write_logic FEFA  
                                  ?_main 0024              __size_of_gpio_pin_intialize 0060  
                                  _PORTA 000F80                                    _PORTB 000F81  
                                  _PORTC 000F82                                    _PORTD 000F83  
                                  _PORTE 000F84                                    _TRISA 000F92  
                                  _TRISB 000F93                                    _TRISC 000F94  
                                  _TRISD 000F95                                    _TRISE 000F96  
                          __CFG_PWRT$OFF 000000                            __CFG_WRT0$OFF 000000  
                          __CFG_WRT1$OFF 000000                            __CFG_WRT2$OFF 000000  
                          __CFG_WRT3$OFF 000000                           __CFG_EBTR0$OFF 000000  
                         __CFG_FCMEN$OFF 000000                           __CFG_EBTR1$OFF 000000  
                         __CFG_EBTR2$OFF 000000                           __CFG_EBTR3$OFF 000000  
                          __CFG_WRTB$OFF 000000                            __CFG_WRTC$OFF 000000  
                          __CFG_WRTD$OFF 000000                           __CFG_EBTRB$OFF 000000  
          gpio_pin_intialize@LocalReturn 0031                           __CFG_BOREN$OFF 000000  
                                  tablat 000FF5                                    status 000FD8  
                        __initialization FD48                    __end_of_relay_turn_on FD48  
                           __end_of_main FDBC                    ?_gpio_pin_write_logic 0024  
                                 ??_main 0035                            __activetblptr 000002  
                          _tris_register 0015              __size_of_functionInitialize 000E  
                         __CFG_XINST$OFF 000000                           __CFG_STVREN$ON 000000  
                                 _relay1 001F                           _relay_turn_off FCF8  
gpio_pin_direction_intialize@_pin_config 0024                             __pdataCOMRAM 0001  
                                 tblptrh 000FF7                                   tblptrl 000FF6  
                                 tblptru 000FF8                        ?_relay_initialize 0032  
                     ??_relay_initialize 0034                               __accesstop 0080  
                __end_of__initialization FD68                          __CFG_PBADEN$OFF 000000  
                          ___rparam_used 000001                   ??_gpio_pin_write_logic 0027  
                         __pcstackCOMRAM 0024                   __end_of_relay_turn_off FD20  
        gpio_pin_write_logic@LocalReturn 002D                          ?_relay_turn_off 002E  
                                __Hparam 0000                                  __Lparam 0000  
             __end_of_gpio_pin_intialize FE1C                                  __pcinit FD48  
                                __ramtop 1000                                  __ptext0 FD72  
                                __ptext1 FD20                                  __ptext2 FCF8  
                                __ptext3 FCA2                                  __ptext4 FCD4  
                                __ptext5 FDBC                                  __ptext6 FEFA  
                                __ptext7 FE1C                     end_of_initialization FD68  
             relay_turn_off@Local_Status 0030                            __Lmediumconst 0000  
           relay_initialize@Local_Status 0034                relay_initialize@relay_obj 0032  
                                postdec1 000FE5                                  postdec2 000FDD  
                                postinc0 000FEE                                  postinc2 000FDE  
          gpio_pin_intialize@_pin_config 002E     __end_of_gpio_pin_direction_intialize FEFA  
  __size_of_gpio_pin_direction_intialize 00DE             _gpio_pin_direction_intialize FE1C  
                 __size_of_relay_turn_on 0028               __end_of_functionInitialize FCB0  
              __size_of_relay_initialize 0024                            __pidataCOMRAM FCB1  
                    start_initialization FD48            ?_gpio_pin_direction_intialize 0024  
                           _lat_register 0001                         ??_relay_turn_off 0030  
                          _relay_turn_on FD20            __size_of_gpio_pin_write_logic 0106  
                       __CFG_LPT1OSC$OFF 000000                        __CFG_CCP2MX$PORTC 000000  
                         ?_relay_turn_on 002E          gpio_pin_write_logic@_pin_config 0024  
              gpio_pin_write_logic@logic 0026                       _gpio_pin_intialize FDBC  
         ??_gpio_pin_direction_intialize 0026                      ?_gpio_pin_intialize 002E  
                       _relay_initialize FCD4                         __CFG_WDTPS$32768 000000  
                   ??_gpio_pin_intialize 0030                                copy_data0 FD5C  
                               __Hrparam 0000                          ??_relay_turn_on 0030  
                               __Lrparam 0000                       _functionInitialize FCA2  
                    ?_functionInitialize 0024                relay_turn_on@Local_Status 0030  
gpio_pin_direction_intialize@LocalReturn 002C                            __size_of_main 004A  
                   ??_functionInitialize 0035                  relay_turn_off@relay_obj 002E  
           __end_of_gpio_pin_write_logic 0000                   relay_turn_on@relay_obj 002E  
               __end_of_relay_initialize FCF8                            _port_register 000B  
